[2024-09-20T12:38:33.974+0000] {processor.py:153} INFO - Started process (PID=314) to work on /opt/airflow/dags/weekly_aggregate_dag.py
[2024-09-20T12:38:33.976+0000] {processor.py:743} INFO - Processing file /opt/airflow/dags/weekly_aggregate_dag.py for tasks to queue
[2024-09-20T12:38:33.977+0000] {logging_mixin.py:137} INFO - [2024-09-20T12:38:33.977+0000] {dagbag.py:538} INFO - Filling up the DagBag from /opt/airflow/dags/weekly_aggregate_dag.py
[2024-09-20T12:38:34.019+0000] {processor.py:753} INFO - DAG(s) dict_keys(['weekly_aggregate']) retrieved from /opt/airflow/dags/weekly_aggregate_dag.py
[2024-09-20T12:38:34.404+0000] {logging_mixin.py:137} INFO - [2024-09-20T12:38:34.404+0000] {manager.py:504} INFO - Created Permission View: can delete on DAG:weekly_aggregate
[2024-09-20T12:38:34.416+0000] {logging_mixin.py:137} INFO - [2024-09-20T12:38:34.416+0000] {manager.py:504} INFO - Created Permission View: can read on DAG:weekly_aggregate
[2024-09-20T12:38:34.426+0000] {logging_mixin.py:137} INFO - [2024-09-20T12:38:34.425+0000] {manager.py:504} INFO - Created Permission View: can edit on DAG:weekly_aggregate
[2024-09-20T12:38:34.426+0000] {logging_mixin.py:137} INFO - [2024-09-20T12:38:34.426+0000] {dag.py:2690} INFO - Sync 1 DAGs
[2024-09-20T12:38:34.442+0000] {logging_mixin.py:137} INFO - [2024-09-20T12:38:34.442+0000] {dag.py:2711} INFO - Creating ORM DAG for weekly_aggregate
[2024-09-20T12:38:34.459+0000] {logging_mixin.py:137} INFO - [2024-09-20T12:38:34.458+0000] {dag.py:3441} INFO - Setting next_dagrun for weekly_aggregate to 2024-09-19T07:00:00+00:00, run_after=2024-09-20T07:00:00+00:00
[2024-09-20T12:38:34.485+0000] {processor.py:175} INFO - Processing /opt/airflow/dags/weekly_aggregate_dag.py took 0.516 seconds
[2024-09-20T12:39:05.016+0000] {processor.py:153} INFO - Started process (PID=320) to work on /opt/airflow/dags/weekly_aggregate_dag.py
[2024-09-20T12:39:05.018+0000] {processor.py:743} INFO - Processing file /opt/airflow/dags/weekly_aggregate_dag.py for tasks to queue
[2024-09-20T12:39:05.019+0000] {logging_mixin.py:137} INFO - [2024-09-20T12:39:05.019+0000] {dagbag.py:538} INFO - Filling up the DagBag from /opt/airflow/dags/weekly_aggregate_dag.py
[2024-09-20T12:39:05.055+0000] {processor.py:753} INFO - DAG(s) dict_keys(['weekly_aggregate']) retrieved from /opt/airflow/dags/weekly_aggregate_dag.py
[2024-09-20T12:39:05.091+0000] {logging_mixin.py:137} INFO - [2024-09-20T12:39:05.091+0000] {dag.py:2690} INFO - Sync 1 DAGs
[2024-09-20T12:39:05.121+0000] {logging_mixin.py:137} INFO - [2024-09-20T12:39:05.121+0000] {dag.py:3441} INFO - Setting next_dagrun for weekly_aggregate to 2024-09-19T07:00:00+00:00, run_after=2024-09-20T07:00:00+00:00
[2024-09-20T12:39:05.144+0000] {processor.py:175} INFO - Processing /opt/airflow/dags/weekly_aggregate_dag.py took 0.135 seconds
[2024-09-20T12:39:35.315+0000] {processor.py:153} INFO - Started process (PID=325) to work on /opt/airflow/dags/weekly_aggregate_dag.py
[2024-09-20T12:39:35.317+0000] {processor.py:743} INFO - Processing file /opt/airflow/dags/weekly_aggregate_dag.py for tasks to queue
[2024-09-20T12:39:35.319+0000] {logging_mixin.py:137} INFO - [2024-09-20T12:39:35.319+0000] {dagbag.py:538} INFO - Filling up the DagBag from /opt/airflow/dags/weekly_aggregate_dag.py
[2024-09-20T12:39:35.359+0000] {processor.py:753} INFO - DAG(s) dict_keys(['weekly_aggregate']) retrieved from /opt/airflow/dags/weekly_aggregate_dag.py
[2024-09-20T12:39:35.407+0000] {logging_mixin.py:137} INFO - [2024-09-20T12:39:35.407+0000] {dag.py:2690} INFO - Sync 1 DAGs
[2024-09-20T12:39:35.474+0000] {logging_mixin.py:137} INFO - [2024-09-20T12:39:35.474+0000] {dag.py:3441} INFO - Setting next_dagrun for weekly_aggregate to 2024-09-19T07:00:00+00:00, run_after=2024-09-20T07:00:00+00:00
[2024-09-20T12:39:35.519+0000] {processor.py:175} INFO - Processing /opt/airflow/dags/weekly_aggregate_dag.py took 0.213 seconds
[2024-09-20T12:40:05.763+0000] {processor.py:153} INFO - Started process (PID=330) to work on /opt/airflow/dags/weekly_aggregate_dag.py
[2024-09-20T12:40:05.765+0000] {processor.py:743} INFO - Processing file /opt/airflow/dags/weekly_aggregate_dag.py for tasks to queue
[2024-09-20T12:40:05.767+0000] {logging_mixin.py:137} INFO - [2024-09-20T12:40:05.767+0000] {dagbag.py:538} INFO - Filling up the DagBag from /opt/airflow/dags/weekly_aggregate_dag.py
[2024-09-20T12:40:05.808+0000] {processor.py:753} INFO - DAG(s) dict_keys(['weekly_aggregate']) retrieved from /opt/airflow/dags/weekly_aggregate_dag.py
[2024-09-20T12:40:05.840+0000] {logging_mixin.py:137} INFO - [2024-09-20T12:40:05.840+0000] {dag.py:2690} INFO - Sync 1 DAGs
[2024-09-20T12:40:05.869+0000] {logging_mixin.py:137} INFO - [2024-09-20T12:40:05.869+0000] {dag.py:3441} INFO - Setting next_dagrun for weekly_aggregate to 2024-09-19T07:00:00+00:00, run_after=2024-09-20T07:00:00+00:00
[2024-09-20T12:40:05.894+0000] {processor.py:175} INFO - Processing /opt/airflow/dags/weekly_aggregate_dag.py took 0.138 seconds
[2024-09-20T12:40:36.162+0000] {processor.py:153} INFO - Started process (PID=335) to work on /opt/airflow/dags/weekly_aggregate_dag.py
[2024-09-20T12:40:36.164+0000] {processor.py:743} INFO - Processing file /opt/airflow/dags/weekly_aggregate_dag.py for tasks to queue
[2024-09-20T12:40:36.166+0000] {logging_mixin.py:137} INFO - [2024-09-20T12:40:36.166+0000] {dagbag.py:538} INFO - Filling up the DagBag from /opt/airflow/dags/weekly_aggregate_dag.py
[2024-09-20T12:40:36.204+0000] {processor.py:753} INFO - DAG(s) dict_keys(['weekly_aggregate']) retrieved from /opt/airflow/dags/weekly_aggregate_dag.py
[2024-09-20T12:40:36.240+0000] {logging_mixin.py:137} INFO - [2024-09-20T12:40:36.240+0000] {dag.py:2690} INFO - Sync 1 DAGs
[2024-09-20T12:40:36.269+0000] {logging_mixin.py:137} INFO - [2024-09-20T12:40:36.269+0000] {dag.py:3441} INFO - Setting next_dagrun for weekly_aggregate to 2024-09-19T07:00:00+00:00, run_after=2024-09-20T07:00:00+00:00
[2024-09-20T12:40:36.292+0000] {processor.py:175} INFO - Processing /opt/airflow/dags/weekly_aggregate_dag.py took 0.137 seconds
[2024-09-20T12:41:06.538+0000] {processor.py:153} INFO - Started process (PID=340) to work on /opt/airflow/dags/weekly_aggregate_dag.py
[2024-09-20T12:41:06.540+0000] {processor.py:743} INFO - Processing file /opt/airflow/dags/weekly_aggregate_dag.py for tasks to queue
[2024-09-20T12:41:06.542+0000] {logging_mixin.py:137} INFO - [2024-09-20T12:41:06.541+0000] {dagbag.py:538} INFO - Filling up the DagBag from /opt/airflow/dags/weekly_aggregate_dag.py
[2024-09-20T12:41:06.567+0000] {processor.py:753} INFO - DAG(s) dict_keys(['weekly_aggregate']) retrieved from /opt/airflow/dags/weekly_aggregate_dag.py
[2024-09-20T12:41:06.604+0000] {logging_mixin.py:137} INFO - [2024-09-20T12:41:06.604+0000] {dag.py:2690} INFO - Sync 1 DAGs
[2024-09-20T12:41:06.634+0000] {logging_mixin.py:137} INFO - [2024-09-20T12:41:06.634+0000] {dag.py:3441} INFO - Setting next_dagrun for weekly_aggregate to 2024-09-19T07:00:00+00:00, run_after=2024-09-20T07:00:00+00:00
[2024-09-20T12:41:06.658+0000] {processor.py:175} INFO - Processing /opt/airflow/dags/weekly_aggregate_dag.py took 0.127 seconds
[2024-09-20T12:41:36.924+0000] {processor.py:153} INFO - Started process (PID=345) to work on /opt/airflow/dags/weekly_aggregate_dag.py
[2024-09-20T12:41:36.926+0000] {processor.py:743} INFO - Processing file /opt/airflow/dags/weekly_aggregate_dag.py for tasks to queue
[2024-09-20T12:41:36.928+0000] {logging_mixin.py:137} INFO - [2024-09-20T12:41:36.927+0000] {dagbag.py:538} INFO - Filling up the DagBag from /opt/airflow/dags/weekly_aggregate_dag.py
[2024-09-20T12:41:36.963+0000] {processor.py:753} INFO - DAG(s) dict_keys(['weekly_aggregate']) retrieved from /opt/airflow/dags/weekly_aggregate_dag.py
[2024-09-20T12:41:36.994+0000] {logging_mixin.py:137} INFO - [2024-09-20T12:41:36.994+0000] {dag.py:2690} INFO - Sync 1 DAGs
[2024-09-20T12:41:37.023+0000] {logging_mixin.py:137} INFO - [2024-09-20T12:41:37.023+0000] {dag.py:3441} INFO - Setting next_dagrun for weekly_aggregate to 2024-09-19T07:00:00+00:00, run_after=2024-09-20T07:00:00+00:00
[2024-09-20T12:41:37.048+0000] {processor.py:175} INFO - Processing /opt/airflow/dags/weekly_aggregate_dag.py took 0.131 seconds
[2024-09-20T12:42:07.258+0000] {processor.py:153} INFO - Started process (PID=350) to work on /opt/airflow/dags/weekly_aggregate_dag.py
[2024-09-20T12:42:07.259+0000] {processor.py:743} INFO - Processing file /opt/airflow/dags/weekly_aggregate_dag.py for tasks to queue
[2024-09-20T12:42:07.261+0000] {logging_mixin.py:137} INFO - [2024-09-20T12:42:07.261+0000] {dagbag.py:538} INFO - Filling up the DagBag from /opt/airflow/dags/weekly_aggregate_dag.py
[2024-09-20T12:42:07.282+0000] {processor.py:753} INFO - DAG(s) dict_keys(['weekly_aggregate']) retrieved from /opt/airflow/dags/weekly_aggregate_dag.py
[2024-09-20T12:42:07.317+0000] {logging_mixin.py:137} INFO - [2024-09-20T12:42:07.317+0000] {dag.py:2690} INFO - Sync 1 DAGs
[2024-09-20T12:42:07.349+0000] {logging_mixin.py:137} INFO - [2024-09-20T12:42:07.348+0000] {dag.py:3441} INFO - Setting next_dagrun for weekly_aggregate to 2024-09-19T07:00:00+00:00, run_after=2024-09-20T07:00:00+00:00
[2024-09-20T12:42:07.376+0000] {processor.py:175} INFO - Processing /opt/airflow/dags/weekly_aggregate_dag.py took 0.123 seconds
[2024-09-20T12:42:37.611+0000] {processor.py:153} INFO - Started process (PID=373) to work on /opt/airflow/dags/weekly_aggregate_dag.py
[2024-09-20T12:42:37.612+0000] {processor.py:743} INFO - Processing file /opt/airflow/dags/weekly_aggregate_dag.py for tasks to queue
[2024-09-20T12:42:37.613+0000] {logging_mixin.py:137} INFO - [2024-09-20T12:42:37.613+0000] {dagbag.py:538} INFO - Filling up the DagBag from /opt/airflow/dags/weekly_aggregate_dag.py
[2024-09-20T12:42:37.647+0000] {processor.py:753} INFO - DAG(s) dict_keys(['weekly_aggregate']) retrieved from /opt/airflow/dags/weekly_aggregate_dag.py
[2024-09-20T12:42:37.701+0000] {logging_mixin.py:137} INFO - [2024-09-20T12:42:37.701+0000] {dag.py:2690} INFO - Sync 1 DAGs
[2024-09-20T12:42:37.763+0000] {logging_mixin.py:137} INFO - [2024-09-20T12:42:37.763+0000] {dag.py:3441} INFO - Setting next_dagrun for weekly_aggregate to 2024-09-20T07:00:00+00:00, run_after=2024-09-21T07:00:00+00:00
[2024-09-20T12:42:37.805+0000] {processor.py:175} INFO - Processing /opt/airflow/dags/weekly_aggregate_dag.py took 0.200 seconds
[2024-09-20T12:43:08.001+0000] {processor.py:153} INFO - Started process (PID=378) to work on /opt/airflow/dags/weekly_aggregate_dag.py
[2024-09-20T12:43:08.002+0000] {processor.py:743} INFO - Processing file /opt/airflow/dags/weekly_aggregate_dag.py for tasks to queue
[2024-09-20T12:43:08.004+0000] {logging_mixin.py:137} INFO - [2024-09-20T12:43:08.004+0000] {dagbag.py:538} INFO - Filling up the DagBag from /opt/airflow/dags/weekly_aggregate_dag.py
[2024-09-20T12:43:08.041+0000] {processor.py:753} INFO - DAG(s) dict_keys(['weekly_aggregate']) retrieved from /opt/airflow/dags/weekly_aggregate_dag.py
[2024-09-20T12:43:08.077+0000] {logging_mixin.py:137} INFO - [2024-09-20T12:43:08.076+0000] {dag.py:2690} INFO - Sync 1 DAGs
[2024-09-20T12:43:08.109+0000] {logging_mixin.py:137} INFO - [2024-09-20T12:43:08.109+0000] {dag.py:3441} INFO - Setting next_dagrun for weekly_aggregate to 2024-09-20T07:00:00+00:00, run_after=2024-09-21T07:00:00+00:00
[2024-09-20T12:43:08.134+0000] {processor.py:175} INFO - Processing /opt/airflow/dags/weekly_aggregate_dag.py took 0.142 seconds
[2024-09-20T12:43:38.469+0000] {processor.py:153} INFO - Started process (PID=383) to work on /opt/airflow/dags/weekly_aggregate_dag.py
[2024-09-20T12:43:38.471+0000] {processor.py:743} INFO - Processing file /opt/airflow/dags/weekly_aggregate_dag.py for tasks to queue
[2024-09-20T12:43:38.472+0000] {logging_mixin.py:137} INFO - [2024-09-20T12:43:38.472+0000] {dagbag.py:538} INFO - Filling up the DagBag from /opt/airflow/dags/weekly_aggregate_dag.py
[2024-09-20T12:43:38.509+0000] {processor.py:753} INFO - DAG(s) dict_keys(['weekly_aggregate']) retrieved from /opt/airflow/dags/weekly_aggregate_dag.py
[2024-09-20T12:43:38.542+0000] {logging_mixin.py:137} INFO - [2024-09-20T12:43:38.542+0000] {dag.py:2690} INFO - Sync 1 DAGs
[2024-09-20T12:43:38.574+0000] {logging_mixin.py:137} INFO - [2024-09-20T12:43:38.574+0000] {dag.py:3441} INFO - Setting next_dagrun for weekly_aggregate to 2024-09-20T07:00:00+00:00, run_after=2024-09-21T07:00:00+00:00
[2024-09-20T12:43:38.602+0000] {processor.py:175} INFO - Processing /opt/airflow/dags/weekly_aggregate_dag.py took 0.139 seconds
[2024-09-20T12:44:08.812+0000] {processor.py:153} INFO - Started process (PID=388) to work on /opt/airflow/dags/weekly_aggregate_dag.py
[2024-09-20T12:44:08.814+0000] {processor.py:743} INFO - Processing file /opt/airflow/dags/weekly_aggregate_dag.py for tasks to queue
[2024-09-20T12:44:08.816+0000] {logging_mixin.py:137} INFO - [2024-09-20T12:44:08.815+0000] {dagbag.py:538} INFO - Filling up the DagBag from /opt/airflow/dags/weekly_aggregate_dag.py
[2024-09-20T12:44:08.853+0000] {processor.py:753} INFO - DAG(s) dict_keys(['weekly_aggregate']) retrieved from /opt/airflow/dags/weekly_aggregate_dag.py
[2024-09-20T12:44:08.885+0000] {logging_mixin.py:137} INFO - [2024-09-20T12:44:08.885+0000] {dag.py:2690} INFO - Sync 1 DAGs
[2024-09-20T12:44:08.918+0000] {logging_mixin.py:137} INFO - [2024-09-20T12:44:08.918+0000] {dag.py:3441} INFO - Setting next_dagrun for weekly_aggregate to 2024-09-20T07:00:00+00:00, run_after=2024-09-21T07:00:00+00:00
[2024-09-20T12:44:08.947+0000] {processor.py:175} INFO - Processing /opt/airflow/dags/weekly_aggregate_dag.py took 0.143 seconds
[2024-09-20T12:44:39.215+0000] {processor.py:153} INFO - Started process (PID=393) to work on /opt/airflow/dags/weekly_aggregate_dag.py
[2024-09-20T12:44:39.217+0000] {processor.py:743} INFO - Processing file /opt/airflow/dags/weekly_aggregate_dag.py for tasks to queue
[2024-09-20T12:44:39.219+0000] {logging_mixin.py:137} INFO - [2024-09-20T12:44:39.219+0000] {dagbag.py:538} INFO - Filling up the DagBag from /opt/airflow/dags/weekly_aggregate_dag.py
[2024-09-20T12:44:39.257+0000] {processor.py:753} INFO - DAG(s) dict_keys(['weekly_aggregate']) retrieved from /opt/airflow/dags/weekly_aggregate_dag.py
[2024-09-20T12:44:39.288+0000] {logging_mixin.py:137} INFO - [2024-09-20T12:44:39.288+0000] {dag.py:2690} INFO - Sync 1 DAGs
[2024-09-20T12:44:39.322+0000] {logging_mixin.py:137} INFO - [2024-09-20T12:44:39.322+0000] {dag.py:3441} INFO - Setting next_dagrun for weekly_aggregate to 2024-09-20T07:00:00+00:00, run_after=2024-09-21T07:00:00+00:00
[2024-09-20T12:44:39.352+0000] {processor.py:175} INFO - Processing /opt/airflow/dags/weekly_aggregate_dag.py took 0.147 seconds
[2024-09-20T12:45:09.997+0000] {processor.py:153} INFO - Started process (PID=398) to work on /opt/airflow/dags/weekly_aggregate_dag.py
[2024-09-20T12:45:09.999+0000] {processor.py:743} INFO - Processing file /opt/airflow/dags/weekly_aggregate_dag.py for tasks to queue
[2024-09-20T12:45:10.003+0000] {logging_mixin.py:137} INFO - [2024-09-20T12:45:10.002+0000] {dagbag.py:538} INFO - Filling up the DagBag from /opt/airflow/dags/weekly_aggregate_dag.py
[2024-09-20T12:45:10.040+0000] {processor.py:753} INFO - DAG(s) dict_keys(['weekly_aggregate']) retrieved from /opt/airflow/dags/weekly_aggregate_dag.py
[2024-09-20T12:45:10.077+0000] {logging_mixin.py:137} INFO - [2024-09-20T12:45:10.076+0000] {dag.py:2690} INFO - Sync 1 DAGs
[2024-09-20T12:45:10.111+0000] {logging_mixin.py:137} INFO - [2024-09-20T12:45:10.111+0000] {dag.py:3441} INFO - Setting next_dagrun for weekly_aggregate to 2024-09-20T07:00:00+00:00, run_after=2024-09-21T07:00:00+00:00
[2024-09-20T12:45:10.139+0000] {processor.py:175} INFO - Processing /opt/airflow/dags/weekly_aggregate_dag.py took 0.150 seconds
[2024-09-20T12:45:40.303+0000] {processor.py:153} INFO - Started process (PID=403) to work on /opt/airflow/dags/weekly_aggregate_dag.py
[2024-09-20T12:45:40.305+0000] {processor.py:743} INFO - Processing file /opt/airflow/dags/weekly_aggregate_dag.py for tasks to queue
[2024-09-20T12:45:40.307+0000] {logging_mixin.py:137} INFO - [2024-09-20T12:45:40.306+0000] {dagbag.py:538} INFO - Filling up the DagBag from /opt/airflow/dags/weekly_aggregate_dag.py
[2024-09-20T12:45:40.344+0000] {processor.py:753} INFO - DAG(s) dict_keys(['weekly_aggregate']) retrieved from /opt/airflow/dags/weekly_aggregate_dag.py
[2024-09-20T12:45:40.382+0000] {logging_mixin.py:137} INFO - [2024-09-20T12:45:40.382+0000] {dag.py:2690} INFO - Sync 1 DAGs
[2024-09-20T12:45:40.413+0000] {logging_mixin.py:137} INFO - [2024-09-20T12:45:40.413+0000] {dag.py:3441} INFO - Setting next_dagrun for weekly_aggregate to 2024-09-20T07:00:00+00:00, run_after=2024-09-21T07:00:00+00:00
[2024-09-20T12:45:40.437+0000] {processor.py:175} INFO - Processing /opt/airflow/dags/weekly_aggregate_dag.py took 0.141 seconds
[2024-09-20T12:46:10.715+0000] {processor.py:153} INFO - Started process (PID=408) to work on /opt/airflow/dags/weekly_aggregate_dag.py
[2024-09-20T12:46:10.717+0000] {processor.py:743} INFO - Processing file /opt/airflow/dags/weekly_aggregate_dag.py for tasks to queue
[2024-09-20T12:46:10.719+0000] {logging_mixin.py:137} INFO - [2024-09-20T12:46:10.719+0000] {dagbag.py:538} INFO - Filling up the DagBag from /opt/airflow/dags/weekly_aggregate_dag.py
[2024-09-20T12:46:10.755+0000] {processor.py:753} INFO - DAG(s) dict_keys(['weekly_aggregate']) retrieved from /opt/airflow/dags/weekly_aggregate_dag.py
[2024-09-20T12:46:10.788+0000] {logging_mixin.py:137} INFO - [2024-09-20T12:46:10.788+0000] {dag.py:2690} INFO - Sync 1 DAGs
[2024-09-20T12:46:10.820+0000] {logging_mixin.py:137} INFO - [2024-09-20T12:46:10.820+0000] {dag.py:3441} INFO - Setting next_dagrun for weekly_aggregate to 2024-09-20T07:00:00+00:00, run_after=2024-09-21T07:00:00+00:00
[2024-09-20T12:46:10.843+0000] {processor.py:175} INFO - Processing /opt/airflow/dags/weekly_aggregate_dag.py took 0.135 seconds
[2024-09-20T12:46:41.156+0000] {processor.py:153} INFO - Started process (PID=413) to work on /opt/airflow/dags/weekly_aggregate_dag.py
[2024-09-20T12:46:41.158+0000] {processor.py:743} INFO - Processing file /opt/airflow/dags/weekly_aggregate_dag.py for tasks to queue
[2024-09-20T12:46:41.160+0000] {logging_mixin.py:137} INFO - [2024-09-20T12:46:41.159+0000] {dagbag.py:538} INFO - Filling up the DagBag from /opt/airflow/dags/weekly_aggregate_dag.py
[2024-09-20T12:46:41.196+0000] {processor.py:753} INFO - DAG(s) dict_keys(['weekly_aggregate']) retrieved from /opt/airflow/dags/weekly_aggregate_dag.py
[2024-09-20T12:46:41.229+0000] {logging_mixin.py:137} INFO - [2024-09-20T12:46:41.229+0000] {dag.py:2690} INFO - Sync 1 DAGs
[2024-09-20T12:46:41.258+0000] {logging_mixin.py:137} INFO - [2024-09-20T12:46:41.258+0000] {dag.py:3441} INFO - Setting next_dagrun for weekly_aggregate to 2024-09-20T07:00:00+00:00, run_after=2024-09-21T07:00:00+00:00
[2024-09-20T12:46:41.281+0000] {processor.py:175} INFO - Processing /opt/airflow/dags/weekly_aggregate_dag.py took 0.130 seconds
[2024-09-20T12:47:11.500+0000] {processor.py:153} INFO - Started process (PID=418) to work on /opt/airflow/dags/weekly_aggregate_dag.py
[2024-09-20T12:47:11.502+0000] {processor.py:743} INFO - Processing file /opt/airflow/dags/weekly_aggregate_dag.py for tasks to queue
[2024-09-20T12:47:11.505+0000] {logging_mixin.py:137} INFO - [2024-09-20T12:47:11.504+0000] {dagbag.py:538} INFO - Filling up the DagBag from /opt/airflow/dags/weekly_aggregate_dag.py
[2024-09-20T12:47:11.545+0000] {processor.py:753} INFO - DAG(s) dict_keys(['weekly_aggregate']) retrieved from /opt/airflow/dags/weekly_aggregate_dag.py
[2024-09-20T12:47:11.580+0000] {logging_mixin.py:137} INFO - [2024-09-20T12:47:11.579+0000] {dag.py:2690} INFO - Sync 1 DAGs
[2024-09-20T12:47:11.609+0000] {logging_mixin.py:137} INFO - [2024-09-20T12:47:11.609+0000] {dag.py:3441} INFO - Setting next_dagrun for weekly_aggregate to 2024-09-20T07:00:00+00:00, run_after=2024-09-21T07:00:00+00:00
[2024-09-20T12:47:11.631+0000] {processor.py:175} INFO - Processing /opt/airflow/dags/weekly_aggregate_dag.py took 0.138 seconds
[2024-09-20T12:56:57.598+0000] {processor.py:153} INFO - Started process (PID=215) to work on /opt/airflow/dags/weekly_aggregate_dag.py
[2024-09-20T12:56:57.602+0000] {processor.py:743} INFO - Processing file /opt/airflow/dags/weekly_aggregate_dag.py for tasks to queue
[2024-09-20T12:56:57.606+0000] {logging_mixin.py:137} INFO - [2024-09-20T12:56:57.606+0000] {dagbag.py:538} INFO - Filling up the DagBag from /opt/airflow/dags/weekly_aggregate_dag.py
[2024-09-20T12:56:57.686+0000] {processor.py:753} INFO - DAG(s) dict_keys(['weekly_aggregate']) retrieved from /opt/airflow/dags/weekly_aggregate_dag.py
[2024-09-20T12:56:58.432+0000] {logging_mixin.py:137} INFO - [2024-09-20T12:56:58.432+0000] {manager.py:504} INFO - Created Permission View: can delete on DAG:weekly_aggregate
[2024-09-20T12:56:58.455+0000] {logging_mixin.py:137} INFO - [2024-09-20T12:56:58.455+0000] {manager.py:504} INFO - Created Permission View: can read on DAG:weekly_aggregate
[2024-09-20T12:56:58.472+0000] {logging_mixin.py:137} INFO - [2024-09-20T12:56:58.472+0000] {manager.py:504} INFO - Created Permission View: can edit on DAG:weekly_aggregate
[2024-09-20T12:56:58.473+0000] {logging_mixin.py:137} INFO - [2024-09-20T12:56:58.473+0000] {dag.py:2690} INFO - Sync 1 DAGs
[2024-09-20T12:56:58.502+0000] {logging_mixin.py:137} INFO - [2024-09-20T12:56:58.501+0000] {dag.py:2711} INFO - Creating ORM DAG for weekly_aggregate
[2024-09-20T12:56:58.527+0000] {logging_mixin.py:137} INFO - [2024-09-20T12:56:58.527+0000] {dag.py:3441} INFO - Setting next_dagrun for weekly_aggregate to 2024-09-19T07:00:00+00:00, run_after=2024-09-20T07:00:00+00:00
[2024-09-20T12:56:58.567+0000] {processor.py:175} INFO - Processing /opt/airflow/dags/weekly_aggregate_dag.py took 0.977 seconds
[2024-09-20T12:57:29.114+0000] {processor.py:153} INFO - Started process (PID=245) to work on /opt/airflow/dags/weekly_aggregate_dag.py
[2024-09-20T12:57:29.116+0000] {processor.py:743} INFO - Processing file /opt/airflow/dags/weekly_aggregate_dag.py for tasks to queue
[2024-09-20T12:57:29.118+0000] {logging_mixin.py:137} INFO - [2024-09-20T12:57:29.117+0000] {dagbag.py:538} INFO - Filling up the DagBag from /opt/airflow/dags/weekly_aggregate_dag.py
[2024-09-20T12:57:29.152+0000] {processor.py:753} INFO - DAG(s) dict_keys(['weekly_aggregate']) retrieved from /opt/airflow/dags/weekly_aggregate_dag.py
[2024-09-20T12:57:29.185+0000] {logging_mixin.py:137} INFO - [2024-09-20T12:57:29.184+0000] {dag.py:2690} INFO - Sync 1 DAGs
[2024-09-20T12:57:29.214+0000] {logging_mixin.py:137} INFO - [2024-09-20T12:57:29.214+0000] {dag.py:3441} INFO - Setting next_dagrun for weekly_aggregate to 2024-09-20T07:00:00+00:00, run_after=2024-09-21T07:00:00+00:00
[2024-09-20T12:57:29.240+0000] {processor.py:175} INFO - Processing /opt/airflow/dags/weekly_aggregate_dag.py took 0.131 seconds
[2024-09-20T12:57:59.449+0000] {processor.py:153} INFO - Started process (PID=250) to work on /opt/airflow/dags/weekly_aggregate_dag.py
[2024-09-20T12:57:59.452+0000] {processor.py:743} INFO - Processing file /opt/airflow/dags/weekly_aggregate_dag.py for tasks to queue
[2024-09-20T12:57:59.455+0000] {logging_mixin.py:137} INFO - [2024-09-20T12:57:59.454+0000] {dagbag.py:538} INFO - Filling up the DagBag from /opt/airflow/dags/weekly_aggregate_dag.py
[2024-09-20T12:57:59.515+0000] {processor.py:753} INFO - DAG(s) dict_keys(['weekly_aggregate']) retrieved from /opt/airflow/dags/weekly_aggregate_dag.py
[2024-09-20T12:57:59.577+0000] {logging_mixin.py:137} INFO - [2024-09-20T12:57:59.577+0000] {dag.py:2690} INFO - Sync 1 DAGs
[2024-09-20T12:57:59.628+0000] {logging_mixin.py:137} INFO - [2024-09-20T12:57:59.627+0000] {dag.py:3441} INFO - Setting next_dagrun for weekly_aggregate to 2024-09-20T07:00:00+00:00, run_after=2024-09-21T07:00:00+00:00
[2024-09-20T12:57:59.669+0000] {processor.py:175} INFO - Processing /opt/airflow/dags/weekly_aggregate_dag.py took 0.232 seconds
[2024-09-20T12:58:29.777+0000] {processor.py:153} INFO - Started process (PID=255) to work on /opt/airflow/dags/weekly_aggregate_dag.py
[2024-09-20T12:58:29.778+0000] {processor.py:743} INFO - Processing file /opt/airflow/dags/weekly_aggregate_dag.py for tasks to queue
[2024-09-20T12:58:29.780+0000] {logging_mixin.py:137} INFO - [2024-09-20T12:58:29.780+0000] {dagbag.py:538} INFO - Filling up the DagBag from /opt/airflow/dags/weekly_aggregate_dag.py
[2024-09-20T12:58:29.845+0000] {processor.py:753} INFO - DAG(s) dict_keys(['weekly_aggregate']) retrieved from /opt/airflow/dags/weekly_aggregate_dag.py
[2024-09-20T12:58:29.954+0000] {logging_mixin.py:137} INFO - [2024-09-20T12:58:29.954+0000] {dag.py:2690} INFO - Sync 1 DAGs
[2024-09-20T12:58:30.016+0000] {logging_mixin.py:137} INFO - [2024-09-20T12:58:30.015+0000] {dag.py:3441} INFO - Setting next_dagrun for weekly_aggregate to 2024-09-20T07:00:00+00:00, run_after=2024-09-21T07:00:00+00:00
[2024-09-20T12:58:30.053+0000] {processor.py:175} INFO - Processing /opt/airflow/dags/weekly_aggregate_dag.py took 0.282 seconds
[2024-09-20T13:30:49.218+0000] {processor.py:153} INFO - Started process (PID=207) to work on /opt/airflow/dags/weekly_aggregate_dag.py
[2024-09-20T13:30:49.224+0000] {processor.py:743} INFO - Processing file /opt/airflow/dags/weekly_aggregate_dag.py for tasks to queue
[2024-09-20T13:30:49.236+0000] {logging_mixin.py:137} INFO - [2024-09-20T13:30:49.234+0000] {dagbag.py:538} INFO - Filling up the DagBag from /opt/airflow/dags/weekly_aggregate_dag.py
[2024-09-20T13:30:49.369+0000] {processor.py:753} INFO - DAG(s) dict_keys(['weekly_aggregate']) retrieved from /opt/airflow/dags/weekly_aggregate_dag.py
[2024-09-20T13:30:50.230+0000] {logging_mixin.py:137} INFO - [2024-09-20T13:30:50.229+0000] {manager.py:504} INFO - Created Permission View: can delete on DAG:weekly_aggregate
[2024-09-20T13:30:50.258+0000] {logging_mixin.py:137} INFO - [2024-09-20T13:30:50.258+0000] {manager.py:504} INFO - Created Permission View: can edit on DAG:weekly_aggregate
[2024-09-20T13:30:50.280+0000] {logging_mixin.py:137} INFO - [2024-09-20T13:30:50.280+0000] {manager.py:504} INFO - Created Permission View: can read on DAG:weekly_aggregate
[2024-09-20T13:30:50.281+0000] {logging_mixin.py:137} INFO - [2024-09-20T13:30:50.281+0000] {dag.py:2690} INFO - Sync 1 DAGs
[2024-09-20T13:30:50.320+0000] {logging_mixin.py:137} INFO - [2024-09-20T13:30:50.320+0000] {dag.py:2711} INFO - Creating ORM DAG for weekly_aggregate
[2024-09-20T13:30:50.354+0000] {logging_mixin.py:137} INFO - [2024-09-20T13:30:50.354+0000] {dag.py:3441} INFO - Setting next_dagrun for weekly_aggregate to 2024-09-19T07:00:00+00:00, run_after=2024-09-20T07:00:00+00:00
[2024-09-20T13:30:50.402+0000] {processor.py:175} INFO - Processing /opt/airflow/dags/weekly_aggregate_dag.py took 1.212 seconds
[2024-09-20T13:31:21.207+0000] {processor.py:153} INFO - Started process (PID=310) to work on /opt/airflow/dags/weekly_aggregate_dag.py
[2024-09-20T13:31:21.218+0000] {processor.py:743} INFO - Processing file /opt/airflow/dags/weekly_aggregate_dag.py for tasks to queue
[2024-09-20T13:31:21.229+0000] {logging_mixin.py:137} INFO - [2024-09-20T13:31:21.224+0000] {dagbag.py:538} INFO - Filling up the DagBag from /opt/airflow/dags/weekly_aggregate_dag.py
[2024-09-20T13:31:21.415+0000] {processor.py:753} INFO - DAG(s) dict_keys(['weekly_aggregate']) retrieved from /opt/airflow/dags/weekly_aggregate_dag.py
[2024-09-20T13:31:21.621+0000] {logging_mixin.py:137} INFO - [2024-09-20T13:31:21.620+0000] {dag.py:2690} INFO - Sync 1 DAGs
[2024-09-20T13:31:21.862+0000] {logging_mixin.py:137} INFO - [2024-09-20T13:31:21.862+0000] {dag.py:3441} INFO - Setting next_dagrun for weekly_aggregate to 2024-09-20T07:00:00+00:00, run_after=2024-09-21T07:00:00+00:00
[2024-09-20T13:31:22.065+0000] {processor.py:175} INFO - Processing /opt/airflow/dags/weekly_aggregate_dag.py took 0.901 seconds
[2024-09-20T13:31:52.703+0000] {processor.py:153} INFO - Started process (PID=323) to work on /opt/airflow/dags/weekly_aggregate_dag.py
[2024-09-20T13:31:52.707+0000] {processor.py:743} INFO - Processing file /opt/airflow/dags/weekly_aggregate_dag.py for tasks to queue
[2024-09-20T13:31:52.711+0000] {logging_mixin.py:137} INFO - [2024-09-20T13:31:52.710+0000] {dagbag.py:538} INFO - Filling up the DagBag from /opt/airflow/dags/weekly_aggregate_dag.py
[2024-09-20T13:31:52.828+0000] {processor.py:753} INFO - DAG(s) dict_keys(['weekly_aggregate']) retrieved from /opt/airflow/dags/weekly_aggregate_dag.py
[2024-09-20T13:31:52.998+0000] {logging_mixin.py:137} INFO - [2024-09-20T13:31:52.998+0000] {dag.py:2690} INFO - Sync 1 DAGs
[2024-09-20T13:31:53.215+0000] {logging_mixin.py:137} INFO - [2024-09-20T13:31:53.215+0000] {dag.py:3441} INFO - Setting next_dagrun for weekly_aggregate to 2024-09-20T07:00:00+00:00, run_after=2024-09-21T07:00:00+00:00
[2024-09-20T13:31:53.296+0000] {processor.py:175} INFO - Processing /opt/airflow/dags/weekly_aggregate_dag.py took 0.615 seconds
[2024-09-20T13:32:23.558+0000] {processor.py:153} INFO - Started process (PID=328) to work on /opt/airflow/dags/weekly_aggregate_dag.py
[2024-09-20T13:32:23.563+0000] {processor.py:743} INFO - Processing file /opt/airflow/dags/weekly_aggregate_dag.py for tasks to queue
[2024-09-20T13:32:23.567+0000] {logging_mixin.py:137} INFO - [2024-09-20T13:32:23.567+0000] {dagbag.py:538} INFO - Filling up the DagBag from /opt/airflow/dags/weekly_aggregate_dag.py
[2024-09-20T13:32:23.702+0000] {processor.py:753} INFO - DAG(s) dict_keys(['weekly_aggregate']) retrieved from /opt/airflow/dags/weekly_aggregate_dag.py
[2024-09-20T13:32:23.908+0000] {logging_mixin.py:137} INFO - [2024-09-20T13:32:23.907+0000] {dag.py:2690} INFO - Sync 1 DAGs
[2024-09-20T13:32:24.096+0000] {logging_mixin.py:137} INFO - [2024-09-20T13:32:24.096+0000] {dag.py:3441} INFO - Setting next_dagrun for weekly_aggregate to 2024-09-20T07:00:00+00:00, run_after=2024-09-21T07:00:00+00:00
[2024-09-20T13:32:24.189+0000] {processor.py:175} INFO - Processing /opt/airflow/dags/weekly_aggregate_dag.py took 0.651 seconds
[2024-09-20T13:32:55.000+0000] {processor.py:153} INFO - Started process (PID=333) to work on /opt/airflow/dags/weekly_aggregate_dag.py
[2024-09-20T13:32:55.006+0000] {processor.py:743} INFO - Processing file /opt/airflow/dags/weekly_aggregate_dag.py for tasks to queue
[2024-09-20T13:32:55.011+0000] {logging_mixin.py:137} INFO - [2024-09-20T13:32:55.010+0000] {dagbag.py:538} INFO - Filling up the DagBag from /opt/airflow/dags/weekly_aggregate_dag.py
[2024-09-20T13:32:55.145+0000] {processor.py:753} INFO - DAG(s) dict_keys(['weekly_aggregate']) retrieved from /opt/airflow/dags/weekly_aggregate_dag.py
[2024-09-20T13:32:55.318+0000] {logging_mixin.py:137} INFO - [2024-09-20T13:32:55.318+0000] {dag.py:2690} INFO - Sync 1 DAGs
[2024-09-20T13:32:55.523+0000] {logging_mixin.py:137} INFO - [2024-09-20T13:32:55.522+0000] {dag.py:3441} INFO - Setting next_dagrun for weekly_aggregate to 2024-09-20T07:00:00+00:00, run_after=2024-09-21T07:00:00+00:00
[2024-09-20T13:32:55.626+0000] {processor.py:175} INFO - Processing /opt/airflow/dags/weekly_aggregate_dag.py took 0.660 seconds
[2024-09-20T13:33:25.934+0000] {processor.py:153} INFO - Started process (PID=338) to work on /opt/airflow/dags/weekly_aggregate_dag.py
[2024-09-20T13:33:25.947+0000] {processor.py:743} INFO - Processing file /opt/airflow/dags/weekly_aggregate_dag.py for tasks to queue
[2024-09-20T13:33:25.955+0000] {logging_mixin.py:137} INFO - [2024-09-20T13:33:25.954+0000] {dagbag.py:538} INFO - Filling up the DagBag from /opt/airflow/dags/weekly_aggregate_dag.py
[2024-09-20T13:33:26.131+0000] {processor.py:753} INFO - DAG(s) dict_keys(['weekly_aggregate']) retrieved from /opt/airflow/dags/weekly_aggregate_dag.py
[2024-09-20T13:33:26.316+0000] {logging_mixin.py:137} INFO - [2024-09-20T13:33:26.316+0000] {dag.py:2690} INFO - Sync 1 DAGs
[2024-09-20T13:33:26.458+0000] {logging_mixin.py:137} INFO - [2024-09-20T13:33:26.457+0000] {dag.py:3441} INFO - Setting next_dagrun for weekly_aggregate to 2024-09-20T07:00:00+00:00, run_after=2024-09-21T07:00:00+00:00
[2024-09-20T13:33:26.560+0000] {processor.py:175} INFO - Processing /opt/airflow/dags/weekly_aggregate_dag.py took 0.691 seconds
[2024-09-20T13:33:57.290+0000] {processor.py:153} INFO - Started process (PID=343) to work on /opt/airflow/dags/weekly_aggregate_dag.py
[2024-09-20T13:33:57.294+0000] {processor.py:743} INFO - Processing file /opt/airflow/dags/weekly_aggregate_dag.py for tasks to queue
[2024-09-20T13:33:57.299+0000] {logging_mixin.py:137} INFO - [2024-09-20T13:33:57.298+0000] {dagbag.py:538} INFO - Filling up the DagBag from /opt/airflow/dags/weekly_aggregate_dag.py
[2024-09-20T13:33:57.376+0000] {processor.py:753} INFO - DAG(s) dict_keys(['weekly_aggregate']) retrieved from /opt/airflow/dags/weekly_aggregate_dag.py
[2024-09-20T13:33:57.498+0000] {logging_mixin.py:137} INFO - [2024-09-20T13:33:57.498+0000] {dag.py:2690} INFO - Sync 1 DAGs
[2024-09-20T13:33:57.611+0000] {logging_mixin.py:137} INFO - [2024-09-20T13:33:57.610+0000] {dag.py:3441} INFO - Setting next_dagrun for weekly_aggregate to 2024-09-20T07:00:00+00:00, run_after=2024-09-21T07:00:00+00:00
[2024-09-20T13:33:57.687+0000] {processor.py:175} INFO - Processing /opt/airflow/dags/weekly_aggregate_dag.py took 0.420 seconds
[2024-09-20T13:34:27.881+0000] {processor.py:153} INFO - Started process (PID=348) to work on /opt/airflow/dags/weekly_aggregate_dag.py
[2024-09-20T13:34:27.886+0000] {processor.py:743} INFO - Processing file /opt/airflow/dags/weekly_aggregate_dag.py for tasks to queue
[2024-09-20T13:34:27.889+0000] {logging_mixin.py:137} INFO - [2024-09-20T13:34:27.888+0000] {dagbag.py:538} INFO - Filling up the DagBag from /opt/airflow/dags/weekly_aggregate_dag.py
[2024-09-20T13:34:27.985+0000] {processor.py:753} INFO - DAG(s) dict_keys(['weekly_aggregate']) retrieved from /opt/airflow/dags/weekly_aggregate_dag.py
[2024-09-20T13:34:28.109+0000] {logging_mixin.py:137} INFO - [2024-09-20T13:34:28.109+0000] {dag.py:2690} INFO - Sync 1 DAGs
[2024-09-20T13:34:28.223+0000] {logging_mixin.py:137} INFO - [2024-09-20T13:34:28.223+0000] {dag.py:3441} INFO - Setting next_dagrun for weekly_aggregate to 2024-09-20T07:00:00+00:00, run_after=2024-09-21T07:00:00+00:00
[2024-09-20T13:34:28.299+0000] {processor.py:175} INFO - Processing /opt/airflow/dags/weekly_aggregate_dag.py took 0.436 seconds
[2024-09-20T13:34:58.654+0000] {processor.py:153} INFO - Started process (PID=353) to work on /opt/airflow/dags/weekly_aggregate_dag.py
[2024-09-20T13:34:58.658+0000] {processor.py:743} INFO - Processing file /opt/airflow/dags/weekly_aggregate_dag.py for tasks to queue
[2024-09-20T13:34:58.661+0000] {logging_mixin.py:137} INFO - [2024-09-20T13:34:58.660+0000] {dagbag.py:538} INFO - Filling up the DagBag from /opt/airflow/dags/weekly_aggregate_dag.py
[2024-09-20T13:34:58.727+0000] {processor.py:753} INFO - DAG(s) dict_keys(['weekly_aggregate']) retrieved from /opt/airflow/dags/weekly_aggregate_dag.py
[2024-09-20T13:34:58.813+0000] {logging_mixin.py:137} INFO - [2024-09-20T13:34:58.812+0000] {dag.py:2690} INFO - Sync 1 DAGs
[2024-09-20T13:34:58.901+0000] {logging_mixin.py:137} INFO - [2024-09-20T13:34:58.901+0000] {dag.py:3441} INFO - Setting next_dagrun for weekly_aggregate to 2024-09-20T07:00:00+00:00, run_after=2024-09-21T07:00:00+00:00
[2024-09-20T13:34:58.965+0000] {processor.py:175} INFO - Processing /opt/airflow/dags/weekly_aggregate_dag.py took 0.322 seconds
[2024-09-20T13:35:18.914+0000] {processor.py:153} INFO - Started process (PID=358) to work on /opt/airflow/dags/weekly_aggregate_dag.py
[2024-09-20T13:35:18.916+0000] {processor.py:743} INFO - Processing file /opt/airflow/dags/weekly_aggregate_dag.py for tasks to queue
[2024-09-20T13:35:18.918+0000] {logging_mixin.py:137} INFO - [2024-09-20T13:35:18.918+0000] {dagbag.py:538} INFO - Filling up the DagBag from /opt/airflow/dags/weekly_aggregate_dag.py
[2024-09-20T13:35:18.934+0000] {logging_mixin.py:137} INFO - [2024-09-20T13:35:18.925+0000] {dagbag.py:343} ERROR - Failed to import: /opt/airflow/dags/weekly_aggregate_dag.py
Traceback (most recent call last):
  File "/home/airflow/.local/lib/python3.7/site-packages/airflow/models/dagbag.py", line 339, in parse
    loader.exec_module(new_module)
  File "<frozen importlib._bootstrap_external>", line 724, in exec_module
  File "<frozen importlib._bootstrap_external>", line 860, in get_code
  File "<frozen importlib._bootstrap_external>", line 791, in source_to_code
  File "<frozen importlib._bootstrap>", line 219, in _call_with_frames_removed
  File "/opt/airflow/dags/weekly_aggregate_dag.py", line 20
    spark_task = SparkSubmitOperator(
             ^
IndentationError: expected an indented block
[2024-09-20T13:35:18.936+0000] {processor.py:755} WARNING - No viable dags retrieved from /opt/airflow/dags/weekly_aggregate_dag.py
[2024-09-20T13:35:18.991+0000] {processor.py:175} INFO - Processing /opt/airflow/dags/weekly_aggregate_dag.py took 0.084 seconds
[2024-09-20T13:35:32.088+0000] {processor.py:153} INFO - Started process (PID=363) to work on /opt/airflow/dags/weekly_aggregate_dag.py
[2024-09-20T13:35:32.090+0000] {processor.py:743} INFO - Processing file /opt/airflow/dags/weekly_aggregate_dag.py for tasks to queue
[2024-09-20T13:35:32.093+0000] {logging_mixin.py:137} INFO - [2024-09-20T13:35:32.092+0000] {dagbag.py:538} INFO - Filling up the DagBag from /opt/airflow/dags/weekly_aggregate_dag.py
[2024-09-20T13:35:32.150+0000] {processor.py:753} INFO - DAG(s) dict_keys(['weekly_aggregate']) retrieved from /opt/airflow/dags/weekly_aggregate_dag.py
[2024-09-20T13:35:32.197+0000] {logging_mixin.py:137} INFO - [2024-09-20T13:35:32.197+0000] {dag.py:2690} INFO - Sync 1 DAGs
[2024-09-20T13:35:32.243+0000] {logging_mixin.py:137} INFO - [2024-09-20T13:35:32.243+0000] {dag.py:3441} INFO - Setting next_dagrun for weekly_aggregate to 2024-09-20T07:00:00+00:00, run_after=2024-09-21T07:00:00+00:00
[2024-09-20T13:35:32.283+0000] {processor.py:175} INFO - Processing /opt/airflow/dags/weekly_aggregate_dag.py took 0.202 seconds
[2024-09-20T13:35:54.380+0000] {processor.py:153} INFO - Started process (PID=368) to work on /opt/airflow/dags/weekly_aggregate_dag.py
[2024-09-20T13:35:54.382+0000] {processor.py:743} INFO - Processing file /opt/airflow/dags/weekly_aggregate_dag.py for tasks to queue
[2024-09-20T13:35:54.384+0000] {logging_mixin.py:137} INFO - [2024-09-20T13:35:54.384+0000] {dagbag.py:538} INFO - Filling up the DagBag from /opt/airflow/dags/weekly_aggregate_dag.py
[2024-09-20T13:35:54.422+0000] {processor.py:753} INFO - DAG(s) dict_keys(['weekly_aggregate']) retrieved from /opt/airflow/dags/weekly_aggregate_dag.py
[2024-09-20T13:35:54.531+0000] {logging_mixin.py:137} INFO - [2024-09-20T13:35:54.531+0000] {dag.py:2690} INFO - Sync 1 DAGs
[2024-09-20T13:35:54.568+0000] {logging_mixin.py:137} INFO - [2024-09-20T13:35:54.568+0000] {dag.py:3441} INFO - Setting next_dagrun for weekly_aggregate to 2024-09-20T07:00:00+00:00, run_after=2024-09-21T07:00:00+00:00
[2024-09-20T13:35:54.610+0000] {processor.py:175} INFO - Processing /opt/airflow/dags/weekly_aggregate_dag.py took 0.237 seconds
[2024-09-20T13:35:58.563+0000] {processor.py:153} INFO - Started process (PID=373) to work on /opt/airflow/dags/weekly_aggregate_dag.py
[2024-09-20T13:35:58.565+0000] {processor.py:743} INFO - Processing file /opt/airflow/dags/weekly_aggregate_dag.py for tasks to queue
[2024-09-20T13:35:58.567+0000] {logging_mixin.py:137} INFO - [2024-09-20T13:35:58.566+0000] {dagbag.py:538} INFO - Filling up the DagBag from /opt/airflow/dags/weekly_aggregate_dag.py
[2024-09-20T13:35:58.614+0000] {processor.py:753} INFO - DAG(s) dict_keys(['weekly_aggregate']) retrieved from /opt/airflow/dags/weekly_aggregate_dag.py
[2024-09-20T13:35:58.646+0000] {logging_mixin.py:137} INFO - [2024-09-20T13:35:58.646+0000] {dag.py:2690} INFO - Sync 1 DAGs
[2024-09-20T13:35:58.688+0000] {logging_mixin.py:137} INFO - [2024-09-20T13:35:58.688+0000] {dag.py:3441} INFO - Setting next_dagrun for weekly_aggregate to 2024-09-20T07:00:00+00:00, run_after=2024-09-21T07:00:00+00:00
[2024-09-20T13:35:58.717+0000] {processor.py:175} INFO - Processing /opt/airflow/dags/weekly_aggregate_dag.py took 0.163 seconds
[2024-09-20T13:36:04.747+0000] {processor.py:153} INFO - Started process (PID=378) to work on /opt/airflow/dags/weekly_aggregate_dag.py
[2024-09-20T13:36:04.749+0000] {processor.py:743} INFO - Processing file /opt/airflow/dags/weekly_aggregate_dag.py for tasks to queue
[2024-09-20T13:36:04.751+0000] {logging_mixin.py:137} INFO - [2024-09-20T13:36:04.750+0000] {dagbag.py:538} INFO - Filling up the DagBag from /opt/airflow/dags/weekly_aggregate_dag.py
[2024-09-20T13:36:04.793+0000] {processor.py:753} INFO - DAG(s) dict_keys(['weekly_aggregate']) retrieved from /opt/airflow/dags/weekly_aggregate_dag.py
[2024-09-20T13:36:04.813+0000] {logging_mixin.py:137} INFO - [2024-09-20T13:36:04.813+0000] {dag.py:2690} INFO - Sync 1 DAGs
[2024-09-20T13:36:04.851+0000] {logging_mixin.py:137} INFO - [2024-09-20T13:36:04.851+0000] {dag.py:3441} INFO - Setting next_dagrun for weekly_aggregate to 2024-09-20T07:00:00+00:00, run_after=2024-09-21T07:00:00+00:00
[2024-09-20T13:36:04.887+0000] {processor.py:175} INFO - Processing /opt/airflow/dags/weekly_aggregate_dag.py took 0.147 seconds
[2024-09-20T13:36:44.397+0000] {processor.py:153} INFO - Started process (PID=604) to work on /opt/airflow/dags/weekly_aggregate_dag.py
[2024-09-20T13:36:44.399+0000] {processor.py:743} INFO - Processing file /opt/airflow/dags/weekly_aggregate_dag.py for tasks to queue
[2024-09-20T13:36:44.401+0000] {logging_mixin.py:137} INFO - [2024-09-20T13:36:44.400+0000] {dagbag.py:538} INFO - Filling up the DagBag from /opt/airflow/dags/weekly_aggregate_dag.py
[2024-09-20T13:36:44.443+0000] {processor.py:753} INFO - DAG(s) dict_keys(['weekly_aggregate']) retrieved from /opt/airflow/dags/weekly_aggregate_dag.py
[2024-09-20T13:36:45.110+0000] {logging_mixin.py:137} INFO - [2024-09-20T13:36:45.110+0000] {dag.py:2690} INFO - Sync 1 DAGs
[2024-09-20T13:36:45.251+0000] {logging_mixin.py:137} INFO - [2024-09-20T13:36:45.250+0000] {dag.py:3441} INFO - Setting next_dagrun for weekly_aggregate to 2024-09-20T07:00:00+00:00, run_after=2024-09-21T07:00:00+00:00
[2024-09-20T13:36:45.319+0000] {processor.py:175} INFO - Processing /opt/airflow/dags/weekly_aggregate_dag.py took 0.930 seconds
[2024-09-20T13:37:16.037+0000] {processor.py:153} INFO - Started process (PID=713) to work on /opt/airflow/dags/weekly_aggregate_dag.py
[2024-09-20T13:37:16.039+0000] {processor.py:743} INFO - Processing file /opt/airflow/dags/weekly_aggregate_dag.py for tasks to queue
[2024-09-20T13:37:16.041+0000] {logging_mixin.py:137} INFO - [2024-09-20T13:37:16.041+0000] {dagbag.py:538} INFO - Filling up the DagBag from /opt/airflow/dags/weekly_aggregate_dag.py
[2024-09-20T13:37:16.100+0000] {processor.py:753} INFO - DAG(s) dict_keys(['weekly_aggregate']) retrieved from /opt/airflow/dags/weekly_aggregate_dag.py
[2024-09-20T13:37:16.167+0000] {logging_mixin.py:137} INFO - [2024-09-20T13:37:16.167+0000] {dag.py:2690} INFO - Sync 1 DAGs
[2024-09-20T13:37:16.248+0000] {logging_mixin.py:137} INFO - [2024-09-20T13:37:16.248+0000] {dag.py:3441} INFO - Setting next_dagrun for weekly_aggregate to 2024-09-20T07:00:00+00:00, run_after=2024-09-21T07:00:00+00:00
[2024-09-20T13:37:16.295+0000] {processor.py:175} INFO - Processing /opt/airflow/dags/weekly_aggregate_dag.py took 0.268 seconds
[2024-09-20T13:37:46.350+0000] {processor.py:153} INFO - Started process (PID=766) to work on /opt/airflow/dags/weekly_aggregate_dag.py
[2024-09-20T13:37:46.352+0000] {processor.py:743} INFO - Processing file /opt/airflow/dags/weekly_aggregate_dag.py for tasks to queue
[2024-09-20T13:37:46.354+0000] {logging_mixin.py:137} INFO - [2024-09-20T13:37:46.354+0000] {dagbag.py:538} INFO - Filling up the DagBag from /opt/airflow/dags/weekly_aggregate_dag.py
[2024-09-20T13:37:46.395+0000] {processor.py:753} INFO - DAG(s) dict_keys(['weekly_aggregate']) retrieved from /opt/airflow/dags/weekly_aggregate_dag.py
[2024-09-20T13:37:46.428+0000] {logging_mixin.py:137} INFO - [2024-09-20T13:37:46.428+0000] {dag.py:2690} INFO - Sync 1 DAGs
[2024-09-20T13:37:46.459+0000] {logging_mixin.py:137} INFO - [2024-09-20T13:37:46.459+0000] {dag.py:3441} INFO - Setting next_dagrun for weekly_aggregate to 2024-09-20T07:00:00+00:00, run_after=2024-09-21T07:00:00+00:00
[2024-09-20T13:37:46.482+0000] {processor.py:175} INFO - Processing /opt/airflow/dags/weekly_aggregate_dag.py took 0.140 seconds
[2024-09-20T13:38:16.656+0000] {processor.py:153} INFO - Started process (PID=771) to work on /opt/airflow/dags/weekly_aggregate_dag.py
[2024-09-20T13:38:16.658+0000] {processor.py:743} INFO - Processing file /opt/airflow/dags/weekly_aggregate_dag.py for tasks to queue
[2024-09-20T13:38:16.660+0000] {logging_mixin.py:137} INFO - [2024-09-20T13:38:16.659+0000] {dagbag.py:538} INFO - Filling up the DagBag from /opt/airflow/dags/weekly_aggregate_dag.py
[2024-09-20T13:38:16.701+0000] {processor.py:753} INFO - DAG(s) dict_keys(['weekly_aggregate']) retrieved from /opt/airflow/dags/weekly_aggregate_dag.py
[2024-09-20T13:38:16.756+0000] {logging_mixin.py:137} INFO - [2024-09-20T13:38:16.756+0000] {dag.py:2690} INFO - Sync 1 DAGs
[2024-09-20T13:38:16.807+0000] {logging_mixin.py:137} INFO - [2024-09-20T13:38:16.807+0000] {dag.py:3441} INFO - Setting next_dagrun for weekly_aggregate to 2024-09-20T07:00:00+00:00, run_after=2024-09-21T07:00:00+00:00
[2024-09-20T13:38:16.838+0000] {processor.py:175} INFO - Processing /opt/airflow/dags/weekly_aggregate_dag.py took 0.188 seconds
[2024-09-20T13:38:47.072+0000] {processor.py:153} INFO - Started process (PID=776) to work on /opt/airflow/dags/weekly_aggregate_dag.py
[2024-09-20T13:38:47.074+0000] {processor.py:743} INFO - Processing file /opt/airflow/dags/weekly_aggregate_dag.py for tasks to queue
[2024-09-20T13:38:47.076+0000] {logging_mixin.py:137} INFO - [2024-09-20T13:38:47.076+0000] {dagbag.py:538} INFO - Filling up the DagBag from /opt/airflow/dags/weekly_aggregate_dag.py
[2024-09-20T13:38:47.112+0000] {processor.py:753} INFO - DAG(s) dict_keys(['weekly_aggregate']) retrieved from /opt/airflow/dags/weekly_aggregate_dag.py
[2024-09-20T13:38:47.144+0000] {logging_mixin.py:137} INFO - [2024-09-20T13:38:47.144+0000] {dag.py:2690} INFO - Sync 1 DAGs
[2024-09-20T13:38:47.175+0000] {logging_mixin.py:137} INFO - [2024-09-20T13:38:47.175+0000] {dag.py:3441} INFO - Setting next_dagrun for weekly_aggregate to 2024-09-20T07:00:00+00:00, run_after=2024-09-21T07:00:00+00:00
[2024-09-20T13:38:47.200+0000] {processor.py:175} INFO - Processing /opt/airflow/dags/weekly_aggregate_dag.py took 0.136 seconds
[2024-09-20T13:39:13.339+0000] {processor.py:153} INFO - Started process (PID=781) to work on /opt/airflow/dags/weekly_aggregate_dag.py
[2024-09-20T13:39:13.349+0000] {processor.py:743} INFO - Processing file /opt/airflow/dags/weekly_aggregate_dag.py for tasks to queue
[2024-09-20T13:39:13.352+0000] {logging_mixin.py:137} INFO - [2024-09-20T13:39:13.352+0000] {dagbag.py:538} INFO - Filling up the DagBag from /opt/airflow/dags/weekly_aggregate_dag.py
[2024-09-20T13:39:13.388+0000] {logging_mixin.py:137} INFO - [2024-09-20T13:39:13.383+0000] {dagbag.py:343} ERROR - Failed to import: /opt/airflow/dags/weekly_aggregate_dag.py
Traceback (most recent call last):
  File "/home/airflow/.local/lib/python3.7/site-packages/airflow/models/dagbag.py", line 339, in parse
    loader.exec_module(new_module)
  File "<frozen importlib._bootstrap_external>", line 728, in exec_module
  File "<frozen importlib._bootstrap>", line 219, in _call_with_frames_removed
  File "/opt/airflow/dags/weekly_aggregate_dag.py", line 28, in <module>
    dag=dag,
  File "/home/airflow/.local/lib/python3.7/site-packages/airflow/models/baseoperator.py", line 394, in apply_defaults
    result = func(self, **kwargs, default_args=default_args)
  File "/home/airflow/.local/lib/python3.7/site-packages/airflow/providers/apache/spark/operators/spark_submit.py", line 124, in __init__
    super().__init__(**kwargs)
  File "/home/airflow/.local/lib/python3.7/site-packages/airflow/models/baseoperator.py", line 394, in apply_defaults
    result = func(self, **kwargs, default_args=default_args)
  File "/home/airflow/.local/lib/python3.7/site-packages/airflow/models/baseoperator.py", line 743, in __init__
    f"Invalid arguments were passed to {self.__class__.__name__} (task_id: {task_id}). "
airflow.exceptions.AirflowException: Invalid arguments were passed to SparkSubmitOperator (task_id: spark_weekly_aggregate). Invalid arguments were:
**kwargs: {'master': 'local'}
[2024-09-20T13:39:13.389+0000] {processor.py:755} WARNING - No viable dags retrieved from /opt/airflow/dags/weekly_aggregate_dag.py
[2024-09-20T13:39:13.429+0000] {processor.py:175} INFO - Processing /opt/airflow/dags/weekly_aggregate_dag.py took 0.097 seconds
[2024-09-20T13:39:51.652+0000] {processor.py:153} INFO - Started process (PID=1008) to work on /opt/airflow/dags/weekly_aggregate_dag.py
[2024-09-20T13:39:51.655+0000] {processor.py:743} INFO - Processing file /opt/airflow/dags/weekly_aggregate_dag.py for tasks to queue
[2024-09-20T13:39:51.657+0000] {logging_mixin.py:137} INFO - [2024-09-20T13:39:51.657+0000] {dagbag.py:538} INFO - Filling up the DagBag from /opt/airflow/dags/weekly_aggregate_dag.py
[2024-09-20T13:39:51.685+0000] {logging_mixin.py:137} INFO - [2024-09-20T13:39:51.679+0000] {dagbag.py:343} ERROR - Failed to import: /opt/airflow/dags/weekly_aggregate_dag.py
Traceback (most recent call last):
  File "/home/airflow/.local/lib/python3.7/site-packages/airflow/models/dagbag.py", line 339, in parse
    loader.exec_module(new_module)
  File "<frozen importlib._bootstrap_external>", line 728, in exec_module
  File "<frozen importlib._bootstrap>", line 219, in _call_with_frames_removed
  File "/opt/airflow/dags/weekly_aggregate_dag.py", line 28, in <module>
    dag=dag,
  File "/home/airflow/.local/lib/python3.7/site-packages/airflow/models/baseoperator.py", line 394, in apply_defaults
    result = func(self, **kwargs, default_args=default_args)
  File "/home/airflow/.local/lib/python3.7/site-packages/airflow/providers/apache/spark/operators/spark_submit.py", line 124, in __init__
    super().__init__(**kwargs)
  File "/home/airflow/.local/lib/python3.7/site-packages/airflow/models/baseoperator.py", line 394, in apply_defaults
    result = func(self, **kwargs, default_args=default_args)
  File "/home/airflow/.local/lib/python3.7/site-packages/airflow/models/baseoperator.py", line 743, in __init__
    f"Invalid arguments were passed to {self.__class__.__name__} (task_id: {task_id}). "
airflow.exceptions.AirflowException: Invalid arguments were passed to SparkSubmitOperator (task_id: spark_weekly_aggregate). Invalid arguments were:
**kwargs: {'master': 'local'}
[2024-09-20T13:39:51.686+0000] {processor.py:755} WARNING - No viable dags retrieved from /opt/airflow/dags/weekly_aggregate_dag.py
[2024-09-20T13:39:51.719+0000] {processor.py:175} INFO - Processing /opt/airflow/dags/weekly_aggregate_dag.py took 0.073 seconds
[2024-09-20T13:40:22.034+0000] {processor.py:153} INFO - Started process (PID=1014) to work on /opt/airflow/dags/weekly_aggregate_dag.py
[2024-09-20T13:40:22.035+0000] {processor.py:743} INFO - Processing file /opt/airflow/dags/weekly_aggregate_dag.py for tasks to queue
[2024-09-20T13:40:22.037+0000] {logging_mixin.py:137} INFO - [2024-09-20T13:40:22.037+0000] {dagbag.py:538} INFO - Filling up the DagBag from /opt/airflow/dags/weekly_aggregate_dag.py
[2024-09-20T13:40:22.068+0000] {logging_mixin.py:137} INFO - [2024-09-20T13:40:22.062+0000] {dagbag.py:343} ERROR - Failed to import: /opt/airflow/dags/weekly_aggregate_dag.py
Traceback (most recent call last):
  File "/home/airflow/.local/lib/python3.7/site-packages/airflow/models/dagbag.py", line 339, in parse
    loader.exec_module(new_module)
  File "<frozen importlib._bootstrap_external>", line 728, in exec_module
  File "<frozen importlib._bootstrap>", line 219, in _call_with_frames_removed
  File "/opt/airflow/dags/weekly_aggregate_dag.py", line 28, in <module>
    dag=dag,
  File "/home/airflow/.local/lib/python3.7/site-packages/airflow/models/baseoperator.py", line 394, in apply_defaults
    result = func(self, **kwargs, default_args=default_args)
  File "/home/airflow/.local/lib/python3.7/site-packages/airflow/providers/apache/spark/operators/spark_submit.py", line 124, in __init__
    super().__init__(**kwargs)
  File "/home/airflow/.local/lib/python3.7/site-packages/airflow/models/baseoperator.py", line 394, in apply_defaults
    result = func(self, **kwargs, default_args=default_args)
  File "/home/airflow/.local/lib/python3.7/site-packages/airflow/models/baseoperator.py", line 743, in __init__
    f"Invalid arguments were passed to {self.__class__.__name__} (task_id: {task_id}). "
airflow.exceptions.AirflowException: Invalid arguments were passed to SparkSubmitOperator (task_id: spark_weekly_aggregate). Invalid arguments were:
**kwargs: {'master': 'local'}
[2024-09-20T13:40:22.068+0000] {processor.py:755} WARNING - No viable dags retrieved from /opt/airflow/dags/weekly_aggregate_dag.py
[2024-09-20T13:40:22.098+0000] {processor.py:175} INFO - Processing /opt/airflow/dags/weekly_aggregate_dag.py took 0.072 seconds
[2024-09-20T13:40:52.386+0000] {processor.py:153} INFO - Started process (PID=1019) to work on /opt/airflow/dags/weekly_aggregate_dag.py
[2024-09-20T13:40:52.389+0000] {processor.py:743} INFO - Processing file /opt/airflow/dags/weekly_aggregate_dag.py for tasks to queue
[2024-09-20T13:40:52.391+0000] {logging_mixin.py:137} INFO - [2024-09-20T13:40:52.390+0000] {dagbag.py:538} INFO - Filling up the DagBag from /opt/airflow/dags/weekly_aggregate_dag.py
[2024-09-20T13:40:52.419+0000] {logging_mixin.py:137} INFO - [2024-09-20T13:40:52.414+0000] {dagbag.py:343} ERROR - Failed to import: /opt/airflow/dags/weekly_aggregate_dag.py
Traceback (most recent call last):
  File "/home/airflow/.local/lib/python3.7/site-packages/airflow/models/dagbag.py", line 339, in parse
    loader.exec_module(new_module)
  File "<frozen importlib._bootstrap_external>", line 728, in exec_module
  File "<frozen importlib._bootstrap>", line 219, in _call_with_frames_removed
  File "/opt/airflow/dags/weekly_aggregate_dag.py", line 28, in <module>
    dag=dag,
  File "/home/airflow/.local/lib/python3.7/site-packages/airflow/models/baseoperator.py", line 394, in apply_defaults
    result = func(self, **kwargs, default_args=default_args)
  File "/home/airflow/.local/lib/python3.7/site-packages/airflow/providers/apache/spark/operators/spark_submit.py", line 124, in __init__
    super().__init__(**kwargs)
  File "/home/airflow/.local/lib/python3.7/site-packages/airflow/models/baseoperator.py", line 394, in apply_defaults
    result = func(self, **kwargs, default_args=default_args)
  File "/home/airflow/.local/lib/python3.7/site-packages/airflow/models/baseoperator.py", line 743, in __init__
    f"Invalid arguments were passed to {self.__class__.__name__} (task_id: {task_id}). "
airflow.exceptions.AirflowException: Invalid arguments were passed to SparkSubmitOperator (task_id: spark_weekly_aggregate). Invalid arguments were:
**kwargs: {'master': 'local'}
[2024-09-20T13:40:52.420+0000] {processor.py:755} WARNING - No viable dags retrieved from /opt/airflow/dags/weekly_aggregate_dag.py
[2024-09-20T13:40:52.449+0000] {processor.py:175} INFO - Processing /opt/airflow/dags/weekly_aggregate_dag.py took 0.070 seconds
[2024-09-20T13:41:05.103+0000] {processor.py:153} INFO - Started process (PID=1245) to work on /opt/airflow/dags/weekly_aggregate_dag.py
[2024-09-20T13:41:05.106+0000] {processor.py:743} INFO - Processing file /opt/airflow/dags/weekly_aggregate_dag.py for tasks to queue
[2024-09-20T13:41:05.108+0000] {logging_mixin.py:137} INFO - [2024-09-20T13:41:05.107+0000] {dagbag.py:538} INFO - Filling up the DagBag from /opt/airflow/dags/weekly_aggregate_dag.py
[2024-09-20T13:41:05.130+0000] {logging_mixin.py:137} INFO - [2024-09-20T13:41:05.126+0000] {dagbag.py:343} ERROR - Failed to import: /opt/airflow/dags/weekly_aggregate_dag.py
Traceback (most recent call last):
  File "/home/airflow/.local/lib/python3.7/site-packages/airflow/models/dagbag.py", line 339, in parse
    loader.exec_module(new_module)
  File "<frozen importlib._bootstrap_external>", line 728, in exec_module
  File "<frozen importlib._bootstrap>", line 219, in _call_with_frames_removed
  File "/opt/airflow/dags/weekly_aggregate_dag.py", line 28, in <module>
    dag=dag,
  File "/home/airflow/.local/lib/python3.7/site-packages/airflow/models/baseoperator.py", line 394, in apply_defaults
    result = func(self, **kwargs, default_args=default_args)
  File "/home/airflow/.local/lib/python3.7/site-packages/airflow/providers/apache/spark/operators/spark_submit.py", line 124, in __init__
    super().__init__(**kwargs)
  File "/home/airflow/.local/lib/python3.7/site-packages/airflow/models/baseoperator.py", line 394, in apply_defaults
    result = func(self, **kwargs, default_args=default_args)
  File "/home/airflow/.local/lib/python3.7/site-packages/airflow/models/baseoperator.py", line 743, in __init__
    f"Invalid arguments were passed to {self.__class__.__name__} (task_id: {task_id}). "
airflow.exceptions.AirflowException: Invalid arguments were passed to SparkSubmitOperator (task_id: spark_weekly_aggregate). Invalid arguments were:
**kwargs: {'master': 'local'}
[2024-09-20T13:41:05.131+0000] {processor.py:755} WARNING - No viable dags retrieved from /opt/airflow/dags/weekly_aggregate_dag.py
[2024-09-20T13:41:05.172+0000] {processor.py:175} INFO - Processing /opt/airflow/dags/weekly_aggregate_dag.py took 0.074 seconds
[2024-09-20T13:41:35.447+0000] {processor.py:153} INFO - Started process (PID=1251) to work on /opt/airflow/dags/weekly_aggregate_dag.py
[2024-09-20T13:41:35.449+0000] {processor.py:743} INFO - Processing file /opt/airflow/dags/weekly_aggregate_dag.py for tasks to queue
[2024-09-20T13:41:35.451+0000] {logging_mixin.py:137} INFO - [2024-09-20T13:41:35.451+0000] {dagbag.py:538} INFO - Filling up the DagBag from /opt/airflow/dags/weekly_aggregate_dag.py
[2024-09-20T13:41:35.479+0000] {logging_mixin.py:137} INFO - [2024-09-20T13:41:35.475+0000] {dagbag.py:343} ERROR - Failed to import: /opt/airflow/dags/weekly_aggregate_dag.py
Traceback (most recent call last):
  File "/home/airflow/.local/lib/python3.7/site-packages/airflow/models/dagbag.py", line 339, in parse
    loader.exec_module(new_module)
  File "<frozen importlib._bootstrap_external>", line 728, in exec_module
  File "<frozen importlib._bootstrap>", line 219, in _call_with_frames_removed
  File "/opt/airflow/dags/weekly_aggregate_dag.py", line 28, in <module>
    dag=dag,
  File "/home/airflow/.local/lib/python3.7/site-packages/airflow/models/baseoperator.py", line 394, in apply_defaults
    result = func(self, **kwargs, default_args=default_args)
  File "/home/airflow/.local/lib/python3.7/site-packages/airflow/providers/apache/spark/operators/spark_submit.py", line 124, in __init__
    super().__init__(**kwargs)
  File "/home/airflow/.local/lib/python3.7/site-packages/airflow/models/baseoperator.py", line 394, in apply_defaults
    result = func(self, **kwargs, default_args=default_args)
  File "/home/airflow/.local/lib/python3.7/site-packages/airflow/models/baseoperator.py", line 743, in __init__
    f"Invalid arguments were passed to {self.__class__.__name__} (task_id: {task_id}). "
airflow.exceptions.AirflowException: Invalid arguments were passed to SparkSubmitOperator (task_id: spark_weekly_aggregate). Invalid arguments were:
**kwargs: {'master': 'local'}
[2024-09-20T13:41:35.480+0000] {processor.py:755} WARNING - No viable dags retrieved from /opt/airflow/dags/weekly_aggregate_dag.py
[2024-09-20T13:41:35.523+0000] {processor.py:175} INFO - Processing /opt/airflow/dags/weekly_aggregate_dag.py took 0.082 seconds
[2024-09-20T13:41:49.759+0000] {processor.py:153} INFO - Started process (PID=1256) to work on /opt/airflow/dags/weekly_aggregate_dag.py
[2024-09-20T13:41:49.761+0000] {processor.py:743} INFO - Processing file /opt/airflow/dags/weekly_aggregate_dag.py for tasks to queue
[2024-09-20T13:41:49.763+0000] {logging_mixin.py:137} INFO - [2024-09-20T13:41:49.763+0000] {dagbag.py:538} INFO - Filling up the DagBag from /opt/airflow/dags/weekly_aggregate_dag.py
[2024-09-20T13:41:49.804+0000] {processor.py:753} INFO - DAG(s) dict_keys(['weekly_aggregate']) retrieved from /opt/airflow/dags/weekly_aggregate_dag.py
[2024-09-20T13:41:49.881+0000] {logging_mixin.py:137} INFO - [2024-09-20T13:41:49.881+0000] {dag.py:2690} INFO - Sync 1 DAGs
[2024-09-20T13:41:49.912+0000] {logging_mixin.py:137} INFO - [2024-09-20T13:41:49.912+0000] {dag.py:3441} INFO - Setting next_dagrun for weekly_aggregate to 2024-09-20T07:00:00+00:00, run_after=2024-09-21T07:00:00+00:00
[2024-09-20T13:41:49.994+0000] {processor.py:175} INFO - Processing /opt/airflow/dags/weekly_aggregate_dag.py took 0.242 seconds
[2024-09-20T13:42:02.938+0000] {processor.py:153} INFO - Started process (PID=1422) to work on /opt/airflow/dags/weekly_aggregate_dag.py
[2024-09-20T13:42:02.939+0000] {processor.py:743} INFO - Processing file /opt/airflow/dags/weekly_aggregate_dag.py for tasks to queue
[2024-09-20T13:42:02.942+0000] {logging_mixin.py:137} INFO - [2024-09-20T13:42:02.942+0000] {dagbag.py:538} INFO - Filling up the DagBag from /opt/airflow/dags/weekly_aggregate_dag.py
[2024-09-20T13:42:02.977+0000] {processor.py:753} INFO - DAG(s) dict_keys(['weekly_aggregate']) retrieved from /opt/airflow/dags/weekly_aggregate_dag.py
[2024-09-20T13:42:03.183+0000] {logging_mixin.py:137} INFO - [2024-09-20T13:42:03.182+0000] {dag.py:2690} INFO - Sync 1 DAGs
[2024-09-20T13:42:03.217+0000] {logging_mixin.py:137} INFO - [2024-09-20T13:42:03.217+0000] {dag.py:3441} INFO - Setting next_dagrun for weekly_aggregate to 2024-09-20T07:00:00+00:00, run_after=2024-09-21T07:00:00+00:00
[2024-09-20T13:42:03.243+0000] {processor.py:175} INFO - Processing /opt/airflow/dags/weekly_aggregate_dag.py took 0.310 seconds
[2024-09-20T13:42:33.308+0000] {processor.py:153} INFO - Started process (PID=1474) to work on /opt/airflow/dags/weekly_aggregate_dag.py
[2024-09-20T13:42:33.316+0000] {processor.py:743} INFO - Processing file /opt/airflow/dags/weekly_aggregate_dag.py for tasks to queue
[2024-09-20T13:42:33.319+0000] {logging_mixin.py:137} INFO - [2024-09-20T13:42:33.319+0000] {dagbag.py:538} INFO - Filling up the DagBag from /opt/airflow/dags/weekly_aggregate_dag.py
[2024-09-20T13:42:33.426+0000] {processor.py:753} INFO - DAG(s) dict_keys(['weekly_aggregate']) retrieved from /opt/airflow/dags/weekly_aggregate_dag.py
[2024-09-20T13:42:33.589+0000] {logging_mixin.py:137} INFO - [2024-09-20T13:42:33.589+0000] {dag.py:2690} INFO - Sync 1 DAGs
[2024-09-20T13:42:33.737+0000] {logging_mixin.py:137} INFO - [2024-09-20T13:42:33.736+0000] {dag.py:3441} INFO - Setting next_dagrun for weekly_aggregate to 2024-09-20T07:00:00+00:00, run_after=2024-09-21T07:00:00+00:00
[2024-09-20T13:42:33.801+0000] {processor.py:175} INFO - Processing /opt/airflow/dags/weekly_aggregate_dag.py took 0.510 seconds
[2024-09-20T13:43:04.009+0000] {processor.py:153} INFO - Started process (PID=1531) to work on /opt/airflow/dags/weekly_aggregate_dag.py
[2024-09-20T13:43:04.011+0000] {processor.py:743} INFO - Processing file /opt/airflow/dags/weekly_aggregate_dag.py for tasks to queue
[2024-09-20T13:43:04.013+0000] {logging_mixin.py:137} INFO - [2024-09-20T13:43:04.012+0000] {dagbag.py:538} INFO - Filling up the DagBag from /opt/airflow/dags/weekly_aggregate_dag.py
[2024-09-20T13:43:04.049+0000] {processor.py:753} INFO - DAG(s) dict_keys(['weekly_aggregate']) retrieved from /opt/airflow/dags/weekly_aggregate_dag.py
[2024-09-20T13:43:04.086+0000] {logging_mixin.py:137} INFO - [2024-09-20T13:43:04.086+0000] {dag.py:2690} INFO - Sync 1 DAGs
[2024-09-20T13:43:04.121+0000] {logging_mixin.py:137} INFO - [2024-09-20T13:43:04.121+0000] {dag.py:3441} INFO - Setting next_dagrun for weekly_aggregate to 2024-09-20T07:00:00+00:00, run_after=2024-09-21T07:00:00+00:00
[2024-09-20T13:43:04.147+0000] {processor.py:175} INFO - Processing /opt/airflow/dags/weekly_aggregate_dag.py took 0.145 seconds
[2024-09-20T13:50:12.018+0000] {processor.py:153} INFO - Started process (PID=1740) to work on /opt/airflow/dags/weekly_aggregate_dag.py
[2024-09-20T13:50:12.021+0000] {processor.py:743} INFO - Processing file /opt/airflow/dags/weekly_aggregate_dag.py for tasks to queue
[2024-09-20T13:50:12.023+0000] {logging_mixin.py:137} INFO - [2024-09-20T13:50:12.023+0000] {dagbag.py:538} INFO - Filling up the DagBag from /opt/airflow/dags/weekly_aggregate_dag.py
[2024-09-20T13:50:12.071+0000] {processor.py:753} INFO - DAG(s) dict_keys(['weekly_aggregate']) retrieved from /opt/airflow/dags/weekly_aggregate_dag.py
[2024-09-20T13:50:12.347+0000] {logging_mixin.py:137} INFO - [2024-09-20T13:50:12.346+0000] {dag.py:2690} INFO - Sync 1 DAGs
[2024-09-20T13:50:12.397+0000] {logging_mixin.py:137} INFO - [2024-09-20T13:50:12.396+0000] {dag.py:3441} INFO - Setting next_dagrun for weekly_aggregate to 2024-09-20T07:00:00+00:00, run_after=2024-09-21T07:00:00+00:00
[2024-09-20T13:50:12.439+0000] {processor.py:175} INFO - Processing /opt/airflow/dags/weekly_aggregate_dag.py took 0.426 seconds
[2024-09-20T13:50:42.909+0000] {processor.py:153} INFO - Started process (PID=1974) to work on /opt/airflow/dags/weekly_aggregate_dag.py
[2024-09-20T13:50:42.912+0000] {processor.py:743} INFO - Processing file /opt/airflow/dags/weekly_aggregate_dag.py for tasks to queue
[2024-09-20T13:50:42.916+0000] {logging_mixin.py:137} INFO - [2024-09-20T13:50:42.915+0000] {dagbag.py:538} INFO - Filling up the DagBag from /opt/airflow/dags/weekly_aggregate_dag.py
[2024-09-20T13:50:42.981+0000] {processor.py:753} INFO - DAG(s) dict_keys(['weekly_aggregate']) retrieved from /opt/airflow/dags/weekly_aggregate_dag.py
[2024-09-20T13:50:43.025+0000] {logging_mixin.py:137} INFO - [2024-09-20T13:50:43.025+0000] {dag.py:2690} INFO - Sync 1 DAGs
[2024-09-20T13:50:43.067+0000] {logging_mixin.py:137} INFO - [2024-09-20T13:50:43.067+0000] {dag.py:3441} INFO - Setting next_dagrun for weekly_aggregate to 2024-09-20T07:00:00+00:00, run_after=2024-09-21T07:00:00+00:00
[2024-09-20T13:50:43.099+0000] {processor.py:175} INFO - Processing /opt/airflow/dags/weekly_aggregate_dag.py took 0.204 seconds
[2024-09-20T13:51:13.220+0000] {processor.py:153} INFO - Started process (PID=1983) to work on /opt/airflow/dags/weekly_aggregate_dag.py
[2024-09-20T13:51:13.223+0000] {processor.py:743} INFO - Processing file /opt/airflow/dags/weekly_aggregate_dag.py for tasks to queue
[2024-09-20T13:51:13.224+0000] {logging_mixin.py:137} INFO - [2024-09-20T13:51:13.224+0000] {dagbag.py:538} INFO - Filling up the DagBag from /opt/airflow/dags/weekly_aggregate_dag.py
[2024-09-20T13:51:13.262+0000] {processor.py:753} INFO - DAG(s) dict_keys(['weekly_aggregate']) retrieved from /opt/airflow/dags/weekly_aggregate_dag.py
[2024-09-20T13:51:13.303+0000] {logging_mixin.py:137} INFO - [2024-09-20T13:51:13.302+0000] {dag.py:2690} INFO - Sync 1 DAGs
[2024-09-20T13:51:13.334+0000] {logging_mixin.py:137} INFO - [2024-09-20T13:51:13.334+0000] {dag.py:3441} INFO - Setting next_dagrun for weekly_aggregate to 2024-09-20T07:00:00+00:00, run_after=2024-09-21T07:00:00+00:00
[2024-09-20T13:51:13.358+0000] {processor.py:175} INFO - Processing /opt/airflow/dags/weekly_aggregate_dag.py took 0.144 seconds
[2024-09-20T13:51:43.550+0000] {processor.py:153} INFO - Started process (PID=1988) to work on /opt/airflow/dags/weekly_aggregate_dag.py
[2024-09-20T13:51:43.552+0000] {processor.py:743} INFO - Processing file /opt/airflow/dags/weekly_aggregate_dag.py for tasks to queue
[2024-09-20T13:51:43.554+0000] {logging_mixin.py:137} INFO - [2024-09-20T13:51:43.554+0000] {dagbag.py:538} INFO - Filling up the DagBag from /opt/airflow/dags/weekly_aggregate_dag.py
[2024-09-20T13:51:43.590+0000] {processor.py:753} INFO - DAG(s) dict_keys(['weekly_aggregate']) retrieved from /opt/airflow/dags/weekly_aggregate_dag.py
[2024-09-20T13:51:43.701+0000] {logging_mixin.py:137} INFO - [2024-09-20T13:51:43.701+0000] {dag.py:2690} INFO - Sync 1 DAGs
[2024-09-20T13:51:43.752+0000] {logging_mixin.py:137} INFO - [2024-09-20T13:51:43.751+0000] {dag.py:3441} INFO - Setting next_dagrun for weekly_aggregate to 2024-09-20T07:00:00+00:00, run_after=2024-09-21T07:00:00+00:00
[2024-09-20T13:51:43.781+0000] {processor.py:175} INFO - Processing /opt/airflow/dags/weekly_aggregate_dag.py took 0.242 seconds
[2024-09-20T13:52:14.020+0000] {processor.py:153} INFO - Started process (PID=1993) to work on /opt/airflow/dags/weekly_aggregate_dag.py
[2024-09-20T13:52:14.023+0000] {processor.py:743} INFO - Processing file /opt/airflow/dags/weekly_aggregate_dag.py for tasks to queue
[2024-09-20T13:52:14.024+0000] {logging_mixin.py:137} INFO - [2024-09-20T13:52:14.024+0000] {dagbag.py:538} INFO - Filling up the DagBag from /opt/airflow/dags/weekly_aggregate_dag.py
[2024-09-20T13:52:14.060+0000] {processor.py:753} INFO - DAG(s) dict_keys(['weekly_aggregate']) retrieved from /opt/airflow/dags/weekly_aggregate_dag.py
[2024-09-20T13:52:14.098+0000] {logging_mixin.py:137} INFO - [2024-09-20T13:52:14.098+0000] {dag.py:2690} INFO - Sync 1 DAGs
[2024-09-20T13:52:14.132+0000] {logging_mixin.py:137} INFO - [2024-09-20T13:52:14.131+0000] {dag.py:3441} INFO - Setting next_dagrun for weekly_aggregate to 2024-09-20T07:00:00+00:00, run_after=2024-09-21T07:00:00+00:00
[2024-09-20T13:52:14.160+0000] {processor.py:175} INFO - Processing /opt/airflow/dags/weekly_aggregate_dag.py took 0.149 seconds
[2024-09-20T13:52:44.375+0000] {processor.py:153} INFO - Started process (PID=1998) to work on /opt/airflow/dags/weekly_aggregate_dag.py
[2024-09-20T13:52:44.377+0000] {processor.py:743} INFO - Processing file /opt/airflow/dags/weekly_aggregate_dag.py for tasks to queue
[2024-09-20T13:52:44.379+0000] {logging_mixin.py:137} INFO - [2024-09-20T13:52:44.379+0000] {dagbag.py:538} INFO - Filling up the DagBag from /opt/airflow/dags/weekly_aggregate_dag.py
[2024-09-20T13:52:44.424+0000] {processor.py:753} INFO - DAG(s) dict_keys(['weekly_aggregate']) retrieved from /opt/airflow/dags/weekly_aggregate_dag.py
[2024-09-20T13:52:44.459+0000] {logging_mixin.py:137} INFO - [2024-09-20T13:52:44.459+0000] {dag.py:2690} INFO - Sync 1 DAGs
[2024-09-20T13:52:44.494+0000] {logging_mixin.py:137} INFO - [2024-09-20T13:52:44.493+0000] {dag.py:3441} INFO - Setting next_dagrun for weekly_aggregate to 2024-09-20T07:00:00+00:00, run_after=2024-09-21T07:00:00+00:00
[2024-09-20T13:52:44.528+0000] {processor.py:175} INFO - Processing /opt/airflow/dags/weekly_aggregate_dag.py took 0.160 seconds
