[2024-09-20T13:42:31.082+0000] {taskinstance.py:1083} INFO - Dependencies all met for <TaskInstance: weekly_aggregate.spark_weekly_aggregate manual__2024-09-20T13:42:29.845271+00:00 [queued]>
[2024-09-20T13:42:31.101+0000] {taskinstance.py:1083} INFO - Dependencies all met for <TaskInstance: weekly_aggregate.spark_weekly_aggregate manual__2024-09-20T13:42:29.845271+00:00 [queued]>
[2024-09-20T13:42:31.102+0000] {taskinstance.py:1279} INFO - 
--------------------------------------------------------------------------------
[2024-09-20T13:42:31.102+0000] {taskinstance.py:1280} INFO - Starting attempt 1 of 2
[2024-09-20T13:42:31.103+0000] {taskinstance.py:1281} INFO - 
--------------------------------------------------------------------------------
[2024-09-20T13:42:31.128+0000] {taskinstance.py:1300} INFO - Executing <Task(SparkSubmitOperator): spark_weekly_aggregate> on 2024-09-20 13:42:29.845271+00:00
[2024-09-20T13:42:31.135+0000] {standard_task_runner.py:55} INFO - Started process 1429 to run task
[2024-09-20T13:42:31.141+0000] {standard_task_runner.py:82} INFO - Running: ['***', 'tasks', 'run', 'weekly_aggregate', 'spark_weekly_aggregate', 'manual__2024-09-20T13:42:29.845271+00:00', '--job-id', '11', '--raw', '--subdir', 'DAGS_FOLDER/weekly_aggregate_dag.py', '--cfg-path', '/tmp/tmp58okryfm']
[2024-09-20T13:42:31.147+0000] {standard_task_runner.py:83} INFO - Job 11: Subtask spark_weekly_aggregate
[2024-09-20T13:42:31.193+0000] {logging_mixin.py:137} WARNING - /home/***/.local/lib/python3.7/site-packages/***/settings.py:249 DeprecationWarning: The sql_alchemy_conn option in [core] has been moved to the sql_alchemy_conn option in [database] - the old setting has been used, but please update your config.
[2024-09-20T13:42:31.295+0000] {task_command.py:388} INFO - Running <TaskInstance: weekly_aggregate.spark_weekly_aggregate manual__2024-09-20T13:42:29.845271+00:00 [running]> on host 6320e57075aa
[2024-09-20T13:42:31.435+0000] {taskinstance.py:1509} INFO - Exporting the following env vars:
AIRFLOW_CTX_DAG_OWNER=***
AIRFLOW_CTX_DAG_ID=weekly_aggregate
AIRFLOW_CTX_TASK_ID=spark_weekly_aggregate
AIRFLOW_CTX_EXECUTION_DATE=2024-09-20T13:42:29.845271+00:00
AIRFLOW_CTX_TRY_NUMBER=1
AIRFLOW_CTX_DAG_RUN_ID=manual__2024-09-20T13:42:29.845271+00:00
[2024-09-20T13:42:31.451+0000] {base.py:73} INFO - Using connection ID 'spark_default' for task execution.
[2024-09-20T13:42:31.466+0000] {spark_submit.py:339} INFO - Spark-Submit cmd: spark-submit --master yarn --conf spark.master=local --name spark_weekly_aggregate --verbose --queue root.default /opt/***/dags/spark_aggregate.py
[2024-09-20T13:42:34.764+0000] {spark_submit.py:490} INFO - Using properties file: null
[2024-09-20T13:42:35.021+0000] {spark_submit.py:490} INFO - Exception in thread "main" org.apache.spark.SparkException: When running with master 'yarn' either HADOOP_CONF_DIR or YARN_CONF_DIR must be set in the environment.
[2024-09-20T13:42:35.025+0000] {spark_submit.py:490} INFO - at org.apache.spark.deploy.SparkSubmitArguments.error(SparkSubmitArguments.scala:650)
[2024-09-20T13:42:35.026+0000] {spark_submit.py:490} INFO - at org.apache.spark.deploy.SparkSubmitArguments.validateSubmitArguments(SparkSubmitArguments.scala:281)
[2024-09-20T13:42:35.027+0000] {spark_submit.py:490} INFO - at org.apache.spark.deploy.SparkSubmitArguments.validateArguments(SparkSubmitArguments.scala:237)
[2024-09-20T13:42:35.028+0000] {spark_submit.py:490} INFO - at org.apache.spark.deploy.SparkSubmitArguments.<init>(SparkSubmitArguments.scala:122)
[2024-09-20T13:42:35.029+0000] {spark_submit.py:490} INFO - at org.apache.spark.deploy.SparkSubmit$$anon$2$$anon$3.<init>(SparkSubmit.scala:1094)
[2024-09-20T13:42:35.030+0000] {spark_submit.py:490} INFO - at org.apache.spark.deploy.SparkSubmit$$anon$2.parseArguments(SparkSubmit.scala:1094)
[2024-09-20T13:42:35.031+0000] {spark_submit.py:490} INFO - at org.apache.spark.deploy.SparkSubmit.doSubmit(SparkSubmit.scala:86)
[2024-09-20T13:42:35.032+0000] {spark_submit.py:490} INFO - at org.apache.spark.deploy.SparkSubmit$$anon$2.doSubmit(SparkSubmit.scala:1111)
[2024-09-20T13:42:35.034+0000] {spark_submit.py:490} INFO - at org.apache.spark.deploy.SparkSubmit$.main(SparkSubmit.scala:1120)
[2024-09-20T13:42:35.034+0000] {spark_submit.py:490} INFO - at org.apache.spark.deploy.SparkSubmit.main(SparkSubmit.scala)
[2024-09-20T13:42:35.074+0000] {taskinstance.py:1768} ERROR - Task failed with exception
Traceback (most recent call last):
  File "/home/airflow/.local/lib/python3.7/site-packages/airflow/providers/apache/spark/operators/spark_submit.py", line 157, in execute
    self._hook.submit(self._application)
  File "/home/airflow/.local/lib/python3.7/site-packages/airflow/providers/apache/spark/hooks/spark_submit.py", line 422, in submit
    f"Cannot execute: {self._mask_cmd(spark_submit_cmd)}. Error code is: {returncode}."
airflow.exceptions.AirflowException: Cannot execute: spark-submit --master yarn --conf spark.master=local --name spark_weekly_aggregate --verbose --queue root.default /opt/***/dags/spark_aggregate.py. Error code is: 1.
[2024-09-20T13:42:35.082+0000] {taskinstance.py:1323} INFO - Marking task as UP_FOR_RETRY. dag_id=weekly_aggregate, task_id=spark_weekly_aggregate, execution_date=20240920T134229, start_date=20240920T134231, end_date=20240920T134235
[2024-09-20T13:42:35.105+0000] {standard_task_runner.py:105} ERROR - Failed to execute job 11 for task spark_weekly_aggregate (Cannot execute: spark-submit --master yarn --conf spark.master=local --name spark_weekly_aggregate --verbose --queue root.default /opt/***/dags/spark_aggregate.py. Error code is: 1.; 1429)
[2024-09-20T13:42:35.151+0000] {local_task_job.py:208} INFO - Task exited with return code 1
[2024-09-20T13:42:35.183+0000] {taskinstance.py:2578} INFO - 0 downstream tasks scheduled from follow-on schedule check
