[2024-09-20T12:38:33.874+0000] {manager.py:483} INFO - Processing files using up to 2 processes at a time 
[2024-09-20T12:38:33.877+0000] {manager.py:484} INFO - Process each file at most once every 30 seconds
[2024-09-20T12:38:33.878+0000] {manager.py:486} INFO - Checking for new files in /opt/airflow/dags every 300 seconds
[2024-09-20T12:38:33.879+0000] {manager.py:726} INFO - Searching for files in /opt/airflow/dags
[2024-09-20T12:38:33.890+0000] {manager.py:729} INFO - There are 1 files in /opt/airflow/dags
[2024-09-20T12:38:34.026+0000] {manager.py:854} INFO - 
================================================================================
DAG File Processing Stats

File Path                                    PID  Runtime      # DAGs    # Errors  Last Runtime    Last Run
-----------------------------------------  -----  ---------  --------  ----------  --------------  ----------
/opt/airflow/dags/weekly_aggregate_dag.py    314  0.07s             0           0
================================================================================
[2024-09-20T12:39:04.316+0000] {manager.py:854} INFO - 
================================================================================
DAG File Processing Stats

File Path                                  PID    Runtime      # DAGs    # Errors  Last Runtime    Last Run
-----------------------------------------  -----  ---------  --------  ----------  --------------  -------------------
/opt/airflow/dags/weekly_aggregate_dag.py                           1           0  0.55s           2024-09-20T12:38:34
================================================================================
[2024-09-20T12:39:34.415+0000] {manager.py:854} INFO - 
================================================================================
DAG File Processing Stats

File Path                                  PID    Runtime      # DAGs    # Errors  Last Runtime    Last Run
-----------------------------------------  -----  ---------  --------  ----------  --------------  -------------------
/opt/airflow/dags/weekly_aggregate_dag.py                           1           0  0.17s           2024-09-20T12:39:05
================================================================================
[2024-09-20T12:40:04.719+0000] {manager.py:854} INFO - 
================================================================================
DAG File Processing Stats

File Path                                  PID    Runtime      # DAGs    # Errors  Last Runtime    Last Run
-----------------------------------------  -----  ---------  --------  ----------  --------------  -------------------
/opt/airflow/dags/weekly_aggregate_dag.py                           1           0  0.26s           2024-09-20T12:39:35
================================================================================
[2024-09-20T12:40:35.116+0000] {manager.py:854} INFO - 
================================================================================
DAG File Processing Stats

File Path                                  PID    Runtime      # DAGs    # Errors  Last Runtime    Last Run
-----------------------------------------  -----  ---------  --------  ----------  --------------  -------------------
/opt/airflow/dags/weekly_aggregate_dag.py                           1           0  0.17s           2024-09-20T12:40:05
================================================================================
[2024-09-20T12:41:05.499+0000] {manager.py:854} INFO - 
================================================================================
DAG File Processing Stats

File Path                                  PID    Runtime      # DAGs    # Errors  Last Runtime    Last Run
-----------------------------------------  -----  ---------  --------  ----------  --------------  -------------------
/opt/airflow/dags/weekly_aggregate_dag.py                           1           0  0.17s           2024-09-20T12:40:36
================================================================================
[2024-09-20T12:41:35.880+0000] {manager.py:854} INFO - 
================================================================================
DAG File Processing Stats

File Path                                  PID    Runtime      # DAGs    # Errors  Last Runtime    Last Run
-----------------------------------------  -----  ---------  --------  ----------  --------------  -------------------
/opt/airflow/dags/weekly_aggregate_dag.py                           1           0  0.16s           2024-09-20T12:41:06
================================================================================
[2024-09-20T12:42:06.229+0000] {manager.py:854} INFO - 
================================================================================
DAG File Processing Stats

File Path                                  PID    Runtime      # DAGs    # Errors  Last Runtime    Last Run
-----------------------------------------  -----  ---------  --------  ----------  --------------  -------------------
/opt/airflow/dags/weekly_aggregate_dag.py                           1           0  0.17s           2024-09-20T12:41:37
================================================================================
[2024-09-20T12:42:36.583+0000] {manager.py:854} INFO - 
================================================================================
DAG File Processing Stats

File Path                                  PID    Runtime      # DAGs    # Errors  Last Runtime    Last Run
-----------------------------------------  -----  ---------  --------  ----------  --------------  -------------------
/opt/airflow/dags/weekly_aggregate_dag.py                           1           0  0.15s           2024-09-20T12:42:07
================================================================================
[2024-09-20T12:43:06.959+0000] {manager.py:854} INFO - 
================================================================================
DAG File Processing Stats

File Path                                  PID    Runtime      # DAGs    # Errors  Last Runtime    Last Run
-----------------------------------------  -----  ---------  --------  ----------  --------------  -------------------
/opt/airflow/dags/weekly_aggregate_dag.py                           1           0  0.23s           2024-09-20T12:42:37
================================================================================
[2024-09-20T12:43:34.357+0000] {manager.py:726} INFO - Searching for files in /opt/airflow/dags
[2024-09-20T12:43:34.372+0000] {manager.py:729} INFO - There are 1 files in /opt/airflow/dags
[2024-09-20T12:43:37.426+0000] {manager.py:854} INFO - 
================================================================================
DAG File Processing Stats

File Path                                  PID    Runtime      # DAGs    # Errors  Last Runtime    Last Run
-----------------------------------------  -----  ---------  --------  ----------  --------------  -------------------
/opt/airflow/dags/weekly_aggregate_dag.py                           1           0  0.17s           2024-09-20T12:43:08
================================================================================
[2024-09-20T12:44:07.769+0000] {manager.py:854} INFO - 
================================================================================
DAG File Processing Stats

File Path                                  PID    Runtime      # DAGs    # Errors  Last Runtime    Last Run
-----------------------------------------  -----  ---------  --------  ----------  --------------  -------------------
/opt/airflow/dags/weekly_aggregate_dag.py                           1           0  0.17s           2024-09-20T12:43:38
================================================================================
[2024-09-20T12:44:38.172+0000] {manager.py:854} INFO - 
================================================================================
DAG File Processing Stats

File Path                                  PID    Runtime      # DAGs    # Errors  Last Runtime    Last Run
-----------------------------------------  -----  ---------  --------  ----------  --------------  -------------------
/opt/airflow/dags/weekly_aggregate_dag.py                           1           0  0.18s           2024-09-20T12:44:08
================================================================================
[2024-09-20T12:45:08.936+0000] {manager.py:854} INFO - 
================================================================================
DAG File Processing Stats

File Path                                  PID    Runtime      # DAGs    # Errors  Last Runtime    Last Run
-----------------------------------------  -----  ---------  --------  ----------  --------------  -------------------
/opt/airflow/dags/weekly_aggregate_dag.py                           1           0  0.18s           2024-09-20T12:44:39
================================================================================
[2024-09-20T12:45:39.261+0000] {manager.py:854} INFO - 
================================================================================
DAG File Processing Stats

File Path                                  PID    Runtime      # DAGs    # Errors  Last Runtime    Last Run
-----------------------------------------  -----  ---------  --------  ----------  --------------  -------------------
/opt/airflow/dags/weekly_aggregate_dag.py                           1           0  0.20s           2024-09-20T12:45:10
================================================================================
[2024-09-20T12:46:09.669+0000] {manager.py:854} INFO - 
================================================================================
DAG File Processing Stats

File Path                                  PID    Runtime      # DAGs    # Errors  Last Runtime    Last Run
-----------------------------------------  -----  ---------  --------  ----------  --------------  -------------------
/opt/airflow/dags/weekly_aggregate_dag.py                           1           0  0.17s           2024-09-20T12:45:40
================================================================================
[2024-09-20T12:46:40.113+0000] {manager.py:854} INFO - 
================================================================================
DAG File Processing Stats

File Path                                  PID    Runtime      # DAGs    # Errors  Last Runtime    Last Run
-----------------------------------------  -----  ---------  --------  ----------  --------------  -------------------
/opt/airflow/dags/weekly_aggregate_dag.py                           1           0  0.17s           2024-09-20T12:46:10
================================================================================
[2024-09-20T12:47:10.450+0000] {manager.py:854} INFO - 
================================================================================
DAG File Processing Stats

File Path                                  PID    Runtime      # DAGs    # Errors  Last Runtime    Last Run
-----------------------------------------  -----  ---------  --------  ----------  --------------  -------------------
/opt/airflow/dags/weekly_aggregate_dag.py                           1           0  0.16s           2024-09-20T12:46:41
================================================================================
[2024-09-20T12:47:20.023+0000] {manager.py:465} INFO - Exiting gracefully upon receiving signal 15
[2024-09-20T12:56:57.394+0000] {manager.py:483} INFO - Processing files using up to 2 processes at a time 
[2024-09-20T12:56:57.405+0000] {manager.py:484} INFO - Process each file at most once every 30 seconds
[2024-09-20T12:56:57.410+0000] {manager.py:486} INFO - Checking for new files in /opt/airflow/dags every 300 seconds
[2024-09-20T12:56:57.413+0000] {manager.py:726} INFO - Searching for files in /opt/airflow/dags
[2024-09-20T12:56:57.449+0000] {manager.py:729} INFO - There are 1 files in /opt/airflow/dags
[2024-09-20T12:56:57.685+0000] {manager.py:854} INFO - 
================================================================================
DAG File Processing Stats

File Path                                    PID  Runtime      # DAGs    # Errors  Last Runtime    Last Run
-----------------------------------------  -----  ---------  --------  ----------  --------------  ----------
/opt/airflow/dags/weekly_aggregate_dag.py    215  0.10s             0           0
================================================================================
[2024-09-20T12:57:28.072+0000] {manager.py:854} INFO - 
================================================================================
DAG File Processing Stats

File Path                                  PID    Runtime      # DAGs    # Errors  Last Runtime    Last Run
-----------------------------------------  -----  ---------  --------  ----------  --------------  -------------------
/opt/airflow/dags/weekly_aggregate_dag.py                           1           0  1.02s           2024-09-20T12:56:58
================================================================================
[2024-09-20T12:57:58.390+0000] {manager.py:854} INFO - 
================================================================================
DAG File Processing Stats

File Path                                  PID    Runtime      # DAGs    # Errors  Last Runtime    Last Run
-----------------------------------------  -----  ---------  --------  ----------  --------------  -------------------
/opt/airflow/dags/weekly_aggregate_dag.py                           1           0  0.16s           2024-09-20T12:57:29
================================================================================
[2024-09-20T12:58:28.748+0000] {manager.py:854} INFO - 
================================================================================
DAG File Processing Stats

File Path                                  PID    Runtime      # DAGs    # Errors  Last Runtime    Last Run
-----------------------------------------  -----  ---------  --------  ----------  --------------  -------------------
/opt/airflow/dags/weekly_aggregate_dag.py                           1           0  0.27s           2024-09-20T12:57:59
================================================================================
[2024-09-20T12:58:44.596+0000] {manager.py:465} INFO - Exiting gracefully upon receiving signal 15
[2024-09-20T13:30:48.821+0000] {manager.py:483} INFO - Processing files using up to 2 processes at a time 
[2024-09-20T13:30:48.854+0000] {manager.py:484} INFO - Process each file at most once every 30 seconds
[2024-09-20T13:30:48.856+0000] {manager.py:486} INFO - Checking for new files in /opt/airflow/dags every 300 seconds
[2024-09-20T13:30:48.857+0000] {manager.py:726} INFO - Searching for files in /opt/airflow/dags
[2024-09-20T13:30:48.896+0000] {manager.py:729} INFO - There are 1 files in /opt/airflow/dags
[2024-09-20T13:30:49.394+0000] {manager.py:854} INFO - 
================================================================================
DAG File Processing Stats

File Path                                    PID  Runtime      # DAGs    # Errors  Last Runtime    Last Run
-----------------------------------------  -----  ---------  --------  ----------  --------------  ----------
/opt/airflow/dags/weekly_aggregate_dag.py    207  0.25s             0           0
================================================================================
[2024-09-20T13:31:20.013+0000] {manager.py:854} INFO - 
================================================================================
DAG File Processing Stats

File Path                                  PID    Runtime      # DAGs    # Errors  Last Runtime    Last Run
-----------------------------------------  -----  ---------  --------  ----------  --------------  -------------------
/opt/airflow/dags/weekly_aggregate_dag.py                           1           0  1.30s           2024-09-20T13:30:50
================================================================================
[2024-09-20T13:31:50.607+0000] {manager.py:854} INFO - 
================================================================================
DAG File Processing Stats

File Path                                  PID    Runtime      # DAGs    # Errors  Last Runtime    Last Run
-----------------------------------------  -----  ---------  --------  ----------  --------------  -------------------
/opt/airflow/dags/weekly_aggregate_dag.py                           1           0  1.10s           2024-09-20T13:31:22
================================================================================
[2024-09-20T13:32:20.979+0000] {manager.py:854} INFO - 
================================================================================
DAG File Processing Stats

File Path                                  PID    Runtime      # DAGs    # Errors  Last Runtime    Last Run
-----------------------------------------  -----  ---------  --------  ----------  --------------  -------------------
/opt/airflow/dags/weekly_aggregate_dag.py                           1           0  0.69s           2024-09-20T13:31:53
================================================================================
[2024-09-20T13:32:51.634+0000] {manager.py:854} INFO - 
================================================================================
DAG File Processing Stats

File Path                                  PID    Runtime      # DAGs    # Errors  Last Runtime    Last Run
-----------------------------------------  -----  ---------  --------  ----------  --------------  -------------------
/opt/airflow/dags/weekly_aggregate_dag.py                           1           0  0.74s           2024-09-20T13:32:24
================================================================================
[2024-09-20T13:33:21.854+0000] {manager.py:854} INFO - 
================================================================================
DAG File Processing Stats

File Path                                  PID    Runtime      # DAGs    # Errors  Last Runtime    Last Run
-----------------------------------------  -----  ---------  --------  ----------  --------------  -------------------
/opt/airflow/dags/weekly_aggregate_dag.py                           1           0  0.89s           2024-09-20T13:32:55
================================================================================
[2024-09-20T13:33:52.135+0000] {manager.py:854} INFO - 
================================================================================
DAG File Processing Stats

File Path                                  PID    Runtime      # DAGs    # Errors  Last Runtime    Last Run
-----------------------------------------  -----  ---------  --------  ----------  --------------  -------------------
/opt/airflow/dags/weekly_aggregate_dag.py                           1           0  0.85s           2024-09-20T13:33:26
================================================================================
[2024-09-20T13:34:22.698+0000] {manager.py:854} INFO - 
================================================================================
DAG File Processing Stats

File Path                                  PID    Runtime      # DAGs    # Errors  Last Runtime    Last Run
-----------------------------------------  -----  ---------  --------  ----------  --------------  -------------------
/opt/airflow/dags/weekly_aggregate_dag.py                           1           0  0.50s           2024-09-20T13:33:57
================================================================================
[2024-09-20T13:34:53.551+0000] {manager.py:854} INFO - 
================================================================================
DAG File Processing Stats

File Path                                  PID    Runtime      # DAGs    # Errors  Last Runtime    Last Run
-----------------------------------------  -----  ---------  --------  ----------  --------------  -------------------
/opt/airflow/dags/weekly_aggregate_dag.py                           1           0  0.57s           2024-09-20T13:34:28
================================================================================
[2024-09-20T13:35:23.937+0000] {manager.py:854} INFO - 
================================================================================
DAG File Processing Stats

File Path                                  PID    Runtime      # DAGs    # Errors  Last Runtime    Last Run
-----------------------------------------  -----  ---------  --------  ----------  --------------  -------------------
/opt/airflow/dags/weekly_aggregate_dag.py                           0           1  0.12s           2024-09-20T13:35:19
================================================================================
[2024-09-20T13:35:49.286+0000] {manager.py:726} INFO - Searching for files in /opt/airflow/dags
[2024-09-20T13:35:49.296+0000] {manager.py:729} INFO - There are 1 files in /opt/airflow/dags
[2024-09-20T13:35:54.362+0000] {manager.py:854} INFO - 
================================================================================
DAG File Processing Stats

File Path                                    PID  Runtime      # DAGs    # Errors  Last Runtime    Last Run
-----------------------------------------  -----  ---------  --------  ----------  --------------  -------------------
/opt/airflow/dags/weekly_aggregate_dag.py    368  0.01s             1           0  0.24s           2024-09-20T13:35:32
================================================================================
[2024-09-20T13:36:18.171+0000] {manager.py:465} INFO - Exiting gracefully upon receiving signal 15
[2024-09-20T13:36:44.278+0000] {manager.py:483} INFO - Processing files using up to 2 processes at a time 
[2024-09-20T13:36:44.282+0000] {manager.py:484} INFO - Process each file at most once every 30 seconds
[2024-09-20T13:36:44.282+0000] {manager.py:486} INFO - Checking for new files in /opt/airflow/dags every 300 seconds
[2024-09-20T13:36:44.283+0000] {manager.py:726} INFO - Searching for files in /opt/airflow/dags
[2024-09-20T13:36:44.298+0000] {manager.py:729} INFO - There are 1 files in /opt/airflow/dags
[2024-09-20T13:36:44.449+0000] {manager.py:854} INFO - 
================================================================================
DAG File Processing Stats

File Path                                    PID  Runtime      # DAGs    # Errors  Last Runtime    Last Run
-----------------------------------------  -----  ---------  --------  ----------  --------------  ----------
/opt/airflow/dags/weekly_aggregate_dag.py    604  0.07s             0           0
================================================================================
[2024-09-20T13:37:14.993+0000] {manager.py:854} INFO - 
================================================================================
DAG File Processing Stats

File Path                                  PID    Runtime      # DAGs    # Errors  Last Runtime    Last Run
-----------------------------------------  -----  ---------  --------  ----------  --------------  -------------------
/opt/airflow/dags/weekly_aggregate_dag.py                           1           0  0.99s           2024-09-20T13:36:45
================================================================================
[2024-09-20T13:37:45.305+0000] {manager.py:854} INFO - 
================================================================================
DAG File Processing Stats

File Path                                  PID    Runtime      # DAGs    # Errors  Last Runtime    Last Run
-----------------------------------------  -----  ---------  --------  ----------  --------------  -------------------
/opt/airflow/dags/weekly_aggregate_dag.py                           1           0  0.31s           2024-09-20T13:37:16
================================================================================
[2024-09-20T13:38:15.626+0000] {manager.py:854} INFO - 
================================================================================
DAG File Processing Stats

File Path                                  PID    Runtime      # DAGs    # Errors  Last Runtime    Last Run
-----------------------------------------  -----  ---------  --------  ----------  --------------  -------------------
/opt/airflow/dags/weekly_aggregate_dag.py                           1           0  0.17s           2024-09-20T13:37:46
================================================================================
[2024-09-20T13:38:46.025+0000] {manager.py:854} INFO - 
================================================================================
DAG File Processing Stats

File Path                                  PID    Runtime      # DAGs    # Errors  Last Runtime    Last Run
-----------------------------------------  -----  ---------  --------  ----------  --------------  -------------------
/opt/airflow/dags/weekly_aggregate_dag.py                           1           0  0.21s           2024-09-20T13:38:16
================================================================================
[2024-09-20T13:39:16.168+0000] {manager.py:465} INFO - Exiting gracefully upon receiving signal 15
[2024-09-20T13:39:51.559+0000] {manager.py:483} INFO - Processing files using up to 2 processes at a time 
[2024-09-20T13:39:51.561+0000] {manager.py:484} INFO - Process each file at most once every 30 seconds
[2024-09-20T13:39:51.562+0000] {manager.py:486} INFO - Checking for new files in /opt/airflow/dags every 300 seconds
[2024-09-20T13:39:51.562+0000] {manager.py:726} INFO - Searching for files in /opt/airflow/dags
[2024-09-20T13:39:51.575+0000] {manager.py:729} INFO - There are 1 files in /opt/airflow/dags
[2024-09-20T13:39:51.690+0000] {manager.py:854} INFO - 
================================================================================
DAG File Processing Stats

File Path                                    PID  Runtime      # DAGs    # Errors  Last Runtime    Last Run
-----------------------------------------  -----  ---------  --------  ----------  --------------  ----------
/opt/airflow/dags/weekly_aggregate_dag.py   1008  0.05s             0           0
================================================================================
[2024-09-20T13:40:22.013+0000] {manager.py:854} INFO - 
================================================================================
DAG File Processing Stats

File Path                                    PID  Runtime      # DAGs    # Errors  Last Runtime    Last Run
-----------------------------------------  -----  ---------  --------  ----------  --------------  -------------------
/opt/airflow/dags/weekly_aggregate_dag.py   1014  0.01s             0           1  0.10s           2024-09-20T13:39:51
================================================================================
[2024-09-20T13:40:52.332+0000] {manager.py:520} INFO - DAG weekly_aggregate is missing and will be deactivated.
[2024-09-20T13:40:52.345+0000] {manager.py:530} INFO - Deactivated 1 DAGs which are no longer present in file.
[2024-09-20T13:40:52.350+0000] {manager.py:534} INFO - Deleted DAG weekly_aggregate in serialized_dag table
[2024-09-20T13:40:52.367+0000] {manager.py:854} INFO - 
================================================================================
DAG File Processing Stats

File Path                                    PID  Runtime      # DAGs    # Errors  Last Runtime    Last Run
-----------------------------------------  -----  ---------  --------  ----------  --------------  -------------------
/opt/airflow/dags/weekly_aggregate_dag.py   1019  0.01s             0           1  0.10s           2024-09-20T13:40:22
================================================================================
[2024-09-20T13:40:59.411+0000] {manager.py:465} INFO - Exiting gracefully upon receiving signal 15
[2024-09-20T13:41:05.016+0000] {manager.py:483} INFO - Processing files using up to 2 processes at a time 
[2024-09-20T13:41:05.019+0000] {manager.py:484} INFO - Process each file at most once every 30 seconds
[2024-09-20T13:41:05.020+0000] {manager.py:486} INFO - Checking for new files in /opt/airflow/dags every 300 seconds
[2024-09-20T13:41:05.021+0000] {manager.py:726} INFO - Searching for files in /opt/airflow/dags
[2024-09-20T13:41:05.031+0000] {manager.py:729} INFO - There are 1 files in /opt/airflow/dags
[2024-09-20T13:41:05.142+0000] {manager.py:854} INFO - 
================================================================================
DAG File Processing Stats

File Path                                    PID  Runtime      # DAGs    # Errors  Last Runtime    Last Run
-----------------------------------------  -----  ---------  --------  ----------  --------------  ----------
/opt/airflow/dags/weekly_aggregate_dag.py   1245  0.05s             0           0
================================================================================
[2024-09-20T13:41:35.433+0000] {manager.py:854} INFO - 
================================================================================
DAG File Processing Stats

File Path                                    PID  Runtime      # DAGs    # Errors  Last Runtime    Last Run
-----------------------------------------  -----  ---------  --------  ----------  --------------  -------------------
/opt/airflow/dags/weekly_aggregate_dag.py   1251  0.01s             0           1  0.10s           2024-09-20T13:41:05
================================================================================
[2024-09-20T13:41:55.441+0000] {manager.py:465} INFO - Exiting gracefully upon receiving signal 15
[2024-09-20T13:42:02.837+0000] {manager.py:483} INFO - Processing files using up to 2 processes at a time 
[2024-09-20T13:42:02.839+0000] {manager.py:484} INFO - Process each file at most once every 30 seconds
[2024-09-20T13:42:02.840+0000] {manager.py:486} INFO - Checking for new files in /opt/airflow/dags every 300 seconds
[2024-09-20T13:42:02.840+0000] {manager.py:726} INFO - Searching for files in /opt/airflow/dags
[2024-09-20T13:42:02.855+0000] {manager.py:729} INFO - There are 1 files in /opt/airflow/dags
[2024-09-20T13:42:02.982+0000] {manager.py:854} INFO - 
================================================================================
DAG File Processing Stats

File Path                                    PID  Runtime      # DAGs    # Errors  Last Runtime    Last Run
-----------------------------------------  -----  ---------  --------  ----------  --------------  ----------
/opt/airflow/dags/weekly_aggregate_dag.py   1422  0.06s             0           0
================================================================================
[2024-09-20T13:42:33.278+0000] {manager.py:854} INFO - 
================================================================================
DAG File Processing Stats

File Path                                    PID  Runtime      # DAGs    # Errors  Last Runtime    Last Run
-----------------------------------------  -----  ---------  --------  ----------  --------------  -------------------
/opt/airflow/dags/weekly_aggregate_dag.py   1474  0.01s             1           0  0.34s           2024-09-20T13:42:03
================================================================================
[2024-09-20T13:43:03.991+0000] {manager.py:854} INFO - 
================================================================================
DAG File Processing Stats

File Path                                    PID  Runtime      # DAGs    # Errors  Last Runtime    Last Run
-----------------------------------------  -----  ---------  --------  ----------  --------------  -------------------
/opt/airflow/dags/weekly_aggregate_dag.py   1531  0.01s             1           0  0.55s           2024-09-20T13:42:33
================================================================================
[2024-09-20T13:43:21.325+0000] {manager.py:465} INFO - Exiting gracefully upon receiving signal 15
[2024-09-20T13:50:11.927+0000] {manager.py:483} INFO - Processing files using up to 2 processes at a time 
[2024-09-20T13:50:11.929+0000] {manager.py:484} INFO - Process each file at most once every 30 seconds
[2024-09-20T13:50:11.930+0000] {manager.py:486} INFO - Checking for new files in /opt/airflow/dags every 300 seconds
[2024-09-20T13:50:11.934+0000] {manager.py:726} INFO - Searching for files in /opt/airflow/dags
[2024-09-20T13:50:11.945+0000] {manager.py:729} INFO - There are 1 files in /opt/airflow/dags
[2024-09-20T13:50:12.064+0000] {manager.py:854} INFO - 
================================================================================
DAG File Processing Stats

File Path                                    PID  Runtime      # DAGs    # Errors  Last Runtime    Last Run
-----------------------------------------  -----  ---------  --------  ----------  --------------  ----------
/opt/airflow/dags/weekly_aggregate_dag.py   1740  0.06s             0           0
================================================================================
[2024-09-20T13:50:42.349+0000] {manager.py:854} INFO - 
================================================================================
DAG File Processing Stats

File Path                                  PID    Runtime      # DAGs    # Errors  Last Runtime    Last Run
-----------------------------------------  -----  ---------  --------  ----------  --------------  -------------------
/opt/airflow/dags/weekly_aggregate_dag.py                           1           0  0.46s           2024-09-20T13:50:12
================================================================================
[2024-09-20T13:51:12.388+0000] {manager.py:854} INFO - 
================================================================================
DAG File Processing Stats

File Path                                  PID    Runtime      # DAGs    # Errors  Last Runtime    Last Run
-----------------------------------------  -----  ---------  --------  ----------  --------------  -------------------
/opt/airflow/dags/weekly_aggregate_dag.py                           1           0  0.24s           2024-09-20T13:50:43
================================================================================
[2024-09-20T13:51:42.500+0000] {manager.py:854} INFO - 
================================================================================
DAG File Processing Stats

File Path                                  PID    Runtime      # DAGs    # Errors  Last Runtime    Last Run
-----------------------------------------  -----  ---------  --------  ----------  --------------  -------------------
/opt/airflow/dags/weekly_aggregate_dag.py                           1           0  0.17s           2024-09-20T13:51:13
================================================================================
[2024-09-20T13:52:12.969+0000] {manager.py:854} INFO - 
================================================================================
DAG File Processing Stats

File Path                                  PID    Runtime      # DAGs    # Errors  Last Runtime    Last Run
-----------------------------------------  -----  ---------  --------  ----------  --------------  -------------------
/opt/airflow/dags/weekly_aggregate_dag.py                           1           0  0.28s           2024-09-20T13:51:43
================================================================================
[2024-09-20T13:52:43.329+0000] {manager.py:854} INFO - 
================================================================================
DAG File Processing Stats

File Path                                  PID    Runtime      # DAGs    # Errors  Last Runtime    Last Run
-----------------------------------------  -----  ---------  --------  ----------  --------------  -------------------
/opt/airflow/dags/weekly_aggregate_dag.py                           1           0  0.19s           2024-09-20T13:52:14
================================================================================
[2024-09-20T13:53:00.330+0000] {manager.py:465} INFO - Exiting gracefully upon receiving signal 15
